#
# A fatal error has been detected by the Java Runtime Environment:
#
#  Internal Error (javaClasses.cpp:129), pid=9716, tid=139811262641920
#  fatal error: Invalid layout of preloaded class
#
# JRE version: 7.0_25-b30
# Java VM: OpenJDK 64-Bit Server VM (23.7-b01 mixed mode linux-amd64 compressed oops)
# Failed to write core dump. Core dumps have been disabled. To enable core dumping, try "ulimit -c unlimited" before starting Java again
#
# If you would like to submit a bug report, please include
# instructions on how to reproduce the bug and visit:
#   https://bugs.launchpad.net/ubuntu/+source/openjdk-7/
#

---------------  T H R E A D  ---------------

Current thread (0x00007f2850009800):  JavaThread "Unknown thread" [_thread_in_vm, id=9718, stack(0x00007f2858953000,0x00007f2858a54000)]

Stack: [0x00007f2858953000,0x00007f2858a54000],  sp=0x00007f2858a529e0,  free space=1022k
Native frames: (J=compiled Java code, j=interpreted, Vv=VM code, C=native code)
V  [libjvm.so+0x84e26b]  VMError::report_and_die()+0x16b
V  [libjvm.so+0x3ec0a7]  report_fatal(char const*, int, char const*)+0x57
V  [libjvm.so+0x5282ea]  compute_offset(int&, klassOopDesc*, Symbol*, Symbol*, bool) [clone .constprop.123]+0x11a
V  [libjvm.so+0x528556]  java_lang_String::compute_offsets()+0x36
V  [libjvm.so+0x7dbd8d]  SystemDictionary::initialize_preloaded_classes(Thread*)+0x3d
V  [libjvm.so+0x827e38]  Universe::genesis(Thread*)+0x468
V  [libjvm.so+0x8282ef]  universe2_init()+0x1f
V  [libjvm.so+0x4dd23a]  init_globals()+0x9a
V  [libjvm.so+0x80bfbc]  Threads::create_vm(JavaVMInitArgs*, bool*)+0x39c
V  [libjvm.so+0x544cb8]  JNI_CreateJavaVM+0x58
C  [libjli.so+0x2b24]  __strcat_chk+0x2b24


---------------  P R O C E S S  ---------------

Java Threads: ( => current thread )

Other Threads:

=>0x00007f2850009800 (exited) JavaThread "Unknown thread" [_thread_in_vm, id=9718, stack(0x00007f2858953000,0x00007f2858a54000)]

VM state:not at safepoint (not fully initialized)

VM Mutex/Monitor currently owned by a thread: None

GC Heap History (0 events):
No events

Deoptimization events (0 events):
No events

Internal exceptions (0 events):
No events

Events (10 events):
Event: 0.010 loading class 0x00007f285002b410 done
Event: 0.010 loading class 0x00007f285002acb0 done
Event: 0.010 loading class 0x00007f285002ac80
Event: 0.010 loading class 0x00007f2850056030
Event: 0.010 loading class 0x00007f2850056030 done
Event: 0.010 loading class 0x00007f2850056070
Event: 0.010 loading class 0x00007f2850056070 done
Event: 0.010 loading class 0x00007f28500560b0
Event: 0.010 loading class 0x00007f28500560b0 done
Event: 0.011 loading class 0x00007f285002ac80 done


Dynamic libraries:
00400000-00401000 r-xp 00000000 08:08 788865                             /usr/lib/jvm/java-7-openjdk-amd64/jre/bin/java
00600000-00601000 r--p 00000000 08:08 788865                             /usr/lib/jvm/java-7-openjdk-amd64/jre/bin/java
00601000-00602000 rw-p 00001000 08:08 788865                             /usr/lib/jvm/java-7-openjdk-amd64/jre/bin/java
01e69000-01e8a000 rw-p 00000000 00:00 0                                  [heap]
bda00000-beec0000 rw-p 00000000 00:00 0 
beec0000-c8000000 rw-p 00000000 00:00 0 
c8000000-ca550000 rw-p 00000000 00:00 0 
ca550000-ed560000 rw-p 00000000 00:00 0 
ed560000-ee800000 rw-p 00000000 00:00 0 
ee800000-100000000 rw-p 00000000 00:00 0 
7f2830000000-7f2830021000 rw-p 00000000 00:00 0 
7f2830021000-7f2834000000 ---p 00000000 00:00 0 
7f2838000000-7f2838021000 rw-p 00000000 00:00 0 
7f2838021000-7f283c000000 ---p 00000000 00:00 0 
7f2840000000-7f2840021000 rw-p 00000000 00:00 0 
7f2840021000-7f2844000000 ---p 00000000 00:00 0 
7f2845ed0000-7f2848000000 rw-p 00000000 00:00 0 
7f2848000000-7f2848021000 rw-p 00000000 00:00 0 
7f2848021000-7f284c000000 ---p 00000000 00:00 0 
7f284d000000-7f284d270000 rwxp 00000000 00:00 0 
7f284d270000-7f2850060000 rw-p 00000000 00:00 0 
7f2850060000-7f2854000000 ---p 00000000 00:00 0 
7f28543cb000-7f2854611000 rw-p 00000000 00:00 0 
7f2854611000-7f28546db000 r--s 011ad000 00:15 2126132                    /home/adrian/Downloads/adt-bundle-linux-x86_64-20130917/sdk/platforms/android-18/android.jar
7f28546db000-7f2854f27000 rw-p 00000000 00:00 0 
7f2854f27000-7f2854f28000 ---p 00000000 00:00 0 
7f2854f28000-7f2855028000 rw-p 00000000 00:00 0                          [stack:9727]
7f2855028000-7f2855029000 ---p 00000000 00:00 0 
7f2855029000-7f2855129000 rw-p 00000000 00:00 0                          [stack:9726]
7f2855129000-7f285512a000 ---p 00000000 00:00 0 
7f285512a000-7f285522a000 rw-p 00000000 00:00 0                          [stack:9725]
7f285522a000-7f285522b000 ---p 00000000 00:00 0 
7f285522b000-7f2855336000 rw-p 00000000 00:00 0                          [stack:9724]
7f2855336000-7f285537e000 rw-p 00000000 00:00 0 
7f285537e000-7f2855391000 rw-p 00000000 00:00 0 
7f2855391000-7f28554a9000 rw-p 00000000 00:00 0 
7f28554a9000-7f28554b4000 rw-p 00000000 00:00 0 
7f28554b4000-7f28554fc000 rw-p 00000000 00:00 0 
7f28554fc000-7f285550f000 rw-p 00000000 00:00 0 
7f285550f000-7f2855626000 rw-p 00000000 00:00 0 
7f2855626000-7f2855630000 rw-p 00000000 00:00 0 
7f2855630000-7f28556bc000 rw-p 00000000 00:00 0 
7f28556bc000-7f28556bd000 rw-p 00000000 00:00 0 
7f28556bd000-7f28556c5000 r-xp 00000000 08:08 788847                     /usr/lib/jvm/java-7-openjdk-amd64/jre/lib/amd64/libzip.so
7f28556c5000-7f28558c4000 ---p 00008000 08:08 788847                     /usr/lib/jvm/java-7-openjdk-amd64/jre/lib/amd64/libzip.so
7f28558c4000-7f28558c5000 r--p 00007000 08:08 788847                     /usr/lib/jvm/java-7-openjdk-amd64/jre/lib/amd64/libzip.so
7f28558c5000-7f28558c6000 rw-p 00008000 08:08 788847                     /usr/lib/jvm/java-7-openjdk-amd64/jre/lib/amd64/libzip.so
7f28558c6000-7f28558d2000 r-xp 00000000 08:08 537866                     /lib/x86_64-linux-gnu/libnss_files-2.15.so
7f28558d2000-7f2855ad1000 ---p 0000c000 08:08 537866                     /lib/x86_64-linux-gnu/libnss_files-2.15.so
7f2855ad1000-7f2855ad2000 r--p 0000b000 08:08 537866                     /lib/x86_64-linux-gnu/libnss_files-2.15.so
7f2855ad2000-7f2855ad3000 rw-p 0000c000 08:08 537866                     /lib/x86_64-linux-gnu/libnss_files-2.15.so
7f2855ad3000-7f2855add000 r-xp 00000000 08:08 537862                     /lib/x86_64-linux-gnu/libnss_nis-2.15.so
7f2855add000-7f2855cdd000 ---p 0000a000 08:08 537862                     /lib/x86_64-linux-gnu/libnss_nis-2.15.so
7f2855cdd000-7f2855cde000 r--p 0000a000 08:08 537862                     /lib/x86_64-linux-gnu/libnss_nis-2.15.so
7f2855cde000-7f2855cdf000 rw-p 0000b000 08:08 537862                     /lib/x86_64-linux-gnu/libnss_nis-2.15.so
7f2855cdf000-7f2855cf6000 r-xp 00000000 08:08 537876                     /lib/x86_64-linux-gnu/libnsl-2.15.so
7f2855cf6000-7f2855ef5000 ---p 00017000 08:08 537876                     /lib/x86_64-linux-gnu/libnsl-2.15.so
7f2855ef5000-7f2855ef6000 r--p 00016000 08:08 537876                     /lib/x86_64-linux-gnu/libnsl-2.15.so
7f2855ef6000-7f2855ef7000 rw-p 00017000 08:08 537876                     /lib/x86_64-linux-gnu/libnsl-2.15.so
7f2855ef7000-7f2855ef9000 rw-p 00000000 00:00 0 
7f2855ef9000-7f2855f01000 r-xp 00000000 08:08 537880                     /lib/x86_64-linux-gnu/libnss_compat-2.15.so
7f2855f01000-7f2856100000 ---p 00008000 08:08 537880                     /lib/x86_64-linux-gnu/libnss_compat-2.15.so
7f2856100000-7f2856101000 r--p 00007000 08:08 537880                     /lib/x86_64-linux-gnu/libnss_compat-2.15.so
7f2856101000-7f2856102000 rw-p 00008000 08:08 537880                     /lib/x86_64-linux-gnu/libnss_compat-2.15.so
7f2856102000-7f285612c000 r-xp 00000000 08:08 788825                     /usr/lib/jvm/java-7-openjdk-amd64/jre/lib/amd64/libjava.so
7f285612c000-7f285632c000 ---p 0002a000 08:08 788825                     /usr/lib/jvm/java-7-openjdk-amd64/jre/lib/amd64/libjava.so
7f285632c000-7f285632d000 r--p 0002a000 08:08 788825                     /usr/lib/jvm/java-7-openjdk-amd64/jre/lib/amd64/libjava.so
7f285632d000-7f285632f000 rw-p 0002b000 08:08 788825                     /usr/lib/jvm/java-7-openjdk-amd64/jre/lib/amd64/libjava.so
7f285632f000-7f285633e000 r-xp 00000000 08:08 788840                     /usr/lib/jvm/java-7-openjdk-amd64/jre/lib/amd64/libverify.so
7f285633e000-7f285653d000 ---p 0000f000 08:08 788840                     /usr/lib/jvm/java-7-openjdk-amd64/jre/lib/amd64/libverify.so
7f285653d000-7f285653f000 r--p 0000e000 08:08 788840                     /usr/lib/jvm/java-7-openjdk-amd64/jre/lib/amd64/libverify.so
7f285653f000-7f2856540000 rw-p 00010000 08:08 788840                     /usr/lib/jvm/java-7-openjdk-amd64/jre/lib/amd64/libverify.so
7f2856540000-7f2856547000 r-xp 00000000 08:08 537868                     /lib/x86_64-linux-gnu/librt-2.15.so
7f2856547000-7f2856746000 ---p 00007000 08:08 537868                     /lib/x86_64-linux-gnu/librt-2.15.so
7f2856746000-7f2856747000 r--p 00006000 08:08 537868                     /lib/x86_64-linux-gnu/librt-2.15.so
7f2856747000-7f2856748000 rw-p 00007000 08:08 537868                     /lib/x86_64-linux-gnu/librt-2.15.so
7f2856748000-7f285675d000 r-xp 00000000 08:08 536465                     /lib/x86_64-linux-gnu/libgcc_s.so.1
7f285675d000-7f285695c000 ---p 00015000 08:08 536465                     /lib/x86_64-linux-gnu/libgcc_s.so.1
7f285695c000-7f285695d000 r--p 00014000 08:08 536465                     /lib/x86_64-linux-gnu/libgcc_s.so.1
7f285695d000-7f285695e000 rw-p 00015000 08:08 536465                     /lib/x86_64-linux-gnu/libgcc_s.so.1
7f285695e000-7f2856a59000 r-xp 00000000 08:08 537877                     /lib/x86_64-linux-gnu/libm-2.15.so
7f2856a59000-7f2856c58000 ---p 000fb000 08:08 537877                     /lib/x86_64-linux-gnu/libm-2.15.so
7f2856c58000-7f2856c59000 r--p 000fa000 08:08 537877                     /lib/x86_64-linux-gnu/libm-2.15.so
7f2856c59000-7f2856c5a000 rw-p 000fb000 08:08 537877                     /lib/x86_64-linux-gnu/libm-2.15.so
7f2856c5a000-7f2856d3f000 r-xp 00000000 08:08 789349                     /usr/lib/x86_64-linux-gnu/libstdc++.so.6.0.17
7f2856d3f000-7f2856f3e000 ---p 000e5000 08:08 789349                     /usr/lib/x86_64-linux-gnu/libstdc++.so.6.0.17
7f2856f3e000-7f2856f46000 r--p 000e4000 08:08 789349                     /usr/lib/x86_64-linux-gnu/libstdc++.so.6.0.17
7f2856f46000-7f2856f48000 rw-p 000ec000 08:08 789349                     /usr/lib/x86_64-linux-gnu/libstdc++.so.6.0.17
7f2856f48000-7f2856f5d000 rw-p 00000000 00:00 0 
7f2856f5d000-7f285794c000 r-xp 00000000 08:08 788821                     /usr/lib/jvm/java-7-openjdk-amd64/jre/lib/amd64/server/libjvm.so
7f285794c000-7f2857b4c000 ---p 009ef000 08:08 788821                     /usr/lib/jvm/java-7-openjdk-amd64/jre/lib/amd64/server/libjvm.so
7f2857b4c000-7f2857bcb000 r--p 009ef000 08:08 788821                     /usr/lib/jvm/java-7-openjdk-amd64/jre/lib/amd64/server/libjvm.so
7f2857bcb000-7f2857bee000 rw-p 00a6e000 08:08 788821                     /usr/lib/jvm/java-7-openjdk-amd64/jre/lib/amd64/server/libjvm.so
7f2857bee000-7f2857c19000 rw-p 00000000 00:00 0 
7f2857c19000-7f2857c2f000 r-xp 00000000 08:08 528220                     /lib/x86_64-linux-gnu/libz.so.1.2.7
7f2857c2f000-7f2857e2e000 ---p 00016000 08:08 528220                     /lib/x86_64-linux-gnu/libz.so.1.2.7
7f2857e2e000-7f2857e2f000 r--p 00015000 08:08 528220                     /lib/x86_64-linux-gnu/libz.so.1.2.7
7f2857e2f000-7f2857e30000 rw-p 00016000 08:08 528220                     /lib/x86_64-linux-gnu/libz.so.1.2.7
7f2857e30000-7f2857e48000 r-xp 00000000 08:08 537864                     /lib/x86_64-linux-gnu/libpthread-2.15.so
7f2857e48000-7f2858047000 ---p 00018000 08:08 537864                     /lib/x86_64-linux-gnu/libpthread-2.15.so
7f2858047000-7f2858048000 r--p 00017000 08:08 537864                     /lib/x86_64-linux-gnu/libpthread-2.15.so
7f2858048000-7f2858049000 rw-p 00018000 08:08 537864                     /lib/x86_64-linux-gnu/libpthread-2.15.so
7f2858049000-7f285804d000 rw-p 00000000 00:00 0 
7f285804d000-7f285804f000 r-xp 00000000 08:08 537879                     /lib/x86_64-linux-gnu/libdl-2.15.so
7f285804f000-7f285824f000 ---p 00002000 08:08 537879                     /lib/x86_64-linux-gnu/libdl-2.15.so
7f285824f000-7f2858250000 r--p 00002000 08:08 537879                     /lib/x86_64-linux-gnu/libdl-2.15.so
7f2858250000-7f2858251000 rw-p 00003000 08:08 537879                     /lib/x86_64-linux-gnu/libdl-2.15.so
7f2858251000-7f2858406000 r-xp 00000000 08:08 537881                     /lib/x86_64-linux-gnu/libc-2.15.so
7f2858406000-7f2858605000 ---p 001b5000 08:08 537881                     /lib/x86_64-linux-gnu/libc-2.15.so
7f2858605000-7f2858609000 r--p 001b4000 08:08 537881                     /lib/x86_64-linux-gnu/libc-2.15.so
7f2858609000-7f285860b000 rw-p 001b8000 08:08 537881                     /lib/x86_64-linux-gnu/libc-2.15.so
7f285860b000-7f2858610000 rw-p 00000000 00:00 0 
7f285862b000-7f2858638000 r-xp 00000000 08:08 788826                     /usr/lib/jvm/java-7-openjdk-amd64/jre/lib/amd64/jli/libjli.so
7f2858638000-7f2858837000 ---p 0000d000 08:08 788826                     /usr/lib/jvm/java-7-openjdk-amd64/jre/lib/amd64/jli/libjli.so
7f2858837000-7f2858838000 r--p 0000c000 08:08 788826                     /usr/lib/jvm/java-7-openjdk-amd64/jre/lib/amd64/jli/libjli.so
7f2858838000-7f2858839000 rw-p 0000d000 08:08 788826                     /usr/lib/jvm/java-7-openjdk-amd64/jre/lib/amd64/jli/libjli.so
7f2858839000-7f285885b000 r-xp 00000000 08:08 537869                     /lib/x86_64-linux-gnu/ld-2.15.so
7f2858861000-7f2858893000 rw-p 00000000 00:00 0 
7f2858893000-7f2858949000 rw-p 00000000 00:00 0 
7f2858949000-7f2858951000 rw-s 00000000 08:08 948382                     /tmp/hsperfdata_adrian/9716
7f2858951000-7f2858952000 rw-p 00000000 00:00 0 
7f2858952000-7f2858953000 r--p 00000000 00:00 0 
7f2858953000-7f2858956000 ---p 00000000 00:00 0 
7f2858956000-7f2858a5b000 rw-p 00000000 00:00 0                          [stack:9718]
7f2858a5b000-7f2858a5c000 r--p 00022000 08:08 537869                     /lib/x86_64-linux-gnu/ld-2.15.so
7f2858a5c000-7f2858a5e000 rw-p 00023000 08:08 537869                     /lib/x86_64-linux-gnu/ld-2.15.so
7fff2a728000-7fff2a749000 rw-p 00000000 00:00 0                          [stack]
7fff2a7ff000-7fff2a800000 r-xp 00000000 00:00 0                          [vdso]
ffffffffff600000-ffffffffff601000 r-xp 00000000 00:00 0                  [vsyscall]

VM Arguments:
jvm_args: -ea -Dfile.encoding=UTF-8 -Xbootclasspath:/home/adrian/Downloads/adt-bundle-linux-x86_64-20130917/sdk/platforms/android-18/android.jar 
java_command: org.eclipse.jdt.internal.junit.runner.RemoteTestRunner -version 3 -port 34710 -testLoaderClass org.eclipse.jdt.internal.junit4.runner.JUnit4TestLoader -loaderpluginname org.eclipse.jdt.junit4.runtime -classNames ch.unibe.scg.team3.board.TokenTest
Launcher Type: SUN_STANDARD

Environment Variables:
PATH=/usr/lib/lightdm/lightdm:/usr/local/sbin:/usr/local/bin:/usr/sbin:/usr/bin:/sbin:/bin:/usr/games:/usr/local/games
SHELL=/bin/bash
DISPLAY=:0

Signal Handlers:
SIGSEGV: [libjvm.so+0x84ed50], sa_mask[0]=0x7ffbfeff, sa_flags=0x10000004
SIGBUS: [libjvm.so+0x84ed50], sa_mask[0]=0x7ffbfeff, sa_flags=0x10000004
SIGFPE: [libjvm.so+0x6f14c0], sa_mask[0]=0x7ffbfeff, sa_flags=0x10000004
SIGPIPE: [libjvm.so+0x6f14c0], sa_mask[0]=0x7ffbfeff, sa_flags=0x10000004
SIGXFSZ: [libjvm.so+0x6f14c0], sa_mask[0]=0x7ffbfeff, sa_flags=0x10000004
SIGILL: [libjvm.so+0x6f14c0], sa_mask[0]=0x7ffbfeff, sa_flags=0x10000004
SIGUSR1: SIG_DFL, sa_mask[0]=0x00000000, sa_flags=0x00000000
SIGUSR2: [libjvm.so+0x6f1890], sa_mask[0]=0x00000004, sa_flags=0x10000004
SIGHUP: SIG_DFL, sa_mask[0]=0x00000000, sa_flags=0x00000000
SIGINT: SIG_DFL, sa_mask[0]=0x00000000, sa_flags=0x00000000
SIGTERM: SIG_DFL, sa_mask[0]=0x00000000, sa_flags=0x00000000
SIGQUIT: SIG_DFL, sa_mask[0]=0x00000000, sa_flags=0x00000000


---------------  S Y S T E M  ---------------

OS:Ubuntu 12.10 (quantal)
uname:Linux 3.7.8-030708-generic #201302141605 SMP Thu Feb 14 21:06:35 UTC 2013 x86_64
libc:glibc 2.15 NPTL 2.15 
rlimit: STACK 8192k, CORE 0k, NPROC 27998, NOFILE 4096, AS infinity
load average:0.33 0.31 0.35

/proc/meminfo:
MemTotal:        3663544 kB
MemFree:          116972 kB
Buffers:           76788 kB
Cached:          1242984 kB
SwapCached:            0 kB
Active:          2284576 kB
Inactive:         965664 kB
Active(anon):    1837756 kB
Inactive(anon):   598508 kB
Active(file):     446820 kB
Inactive(file):   367156 kB
Unevictable:       33708 kB
Mlocked:           33708 kB
SwapTotal:       3807228 kB
SwapFree:        3807228 kB
Dirty:               156 kB
Writeback:             0 kB
AnonPages:       1964504 kB
Mapped:           235900 kB
Shmem:            497800 kB
Slab:             136996 kB
SReclaimable:      75828 kB
SUnreclaim:        61168 kB
KernelStack:        5160 kB
PageTables:        52968 kB
NFS_Unstable:          0 kB
Bounce:                0 kB
WritebackTmp:          0 kB
CommitLimit:     5639000 kB
Committed_AS:    6956388 kB
VmallocTotal:   34359738367 kB
VmallocUsed:      358680 kB
VmallocChunk:   34359375952 kB
HardwareCorrupted:     0 kB
AnonHugePages:         0 kB
HugePages_Total:       0
HugePages_Free:        0
HugePages_Rsvd:        0
HugePages_Surp:        0
Hugepagesize:       2048 kB
DirectMap4k:       71680 kB
DirectMap2M:     4030464 kB


CPU:total 4 (2 cores per cpu, 2 threads per core) family 6 model 58 stepping 9, cmov, cx8, fxsr, mmx, sse, sse2, sse3, ssse3, sse4.1, sse4.2, popcnt, avx, ht, tsc, tscinvbit, tscinv

/proc/cpuinfo:
processor	: 0
vendor_id	: GenuineIntel
cpu family	: 6
model		: 58
model name	: Intel(R) Core(TM) i7-3517U CPU @ 1.90GHz
stepping	: 9
microcode	: 0x15
cpu MHz		: 1700.000
cache size	: 4096 KB
physical id	: 0
siblings	: 4
core id		: 0
cpu cores	: 2
apicid		: 0
initial apicid	: 0
fpu		: yes
fpu_exception	: yes
cpuid level	: 13
wp		: yes
flags		: fpu vme de pse tsc msr pae mce cx8 apic sep mtrr pge mca cmov pat pse36 clflush dts acpi mmx fxsr sse sse2 ss ht tm pbe syscall nx rdtscp lm constant_tsc arch_perfmon pebs bts rep_good nopl xtopology nonstop_tsc aperfmperf eagerfpu pni pclmulqdq dtes64 monitor ds_cpl vmx est tm2 ssse3 cx16 xtpr pdcm pcid sse4_1 sse4_2 x2apic popcnt tsc_deadline_timer xsave avx f16c rdrand lahf_lm ida arat epb xsaveopt pln pts dtherm tpr_shadow vnmi flexpriority ept vpid fsgsbase smep erms
bogomips	: 4789.23
clflush size	: 64
cache_alignment	: 64
address sizes	: 36 bits physical, 48 bits virtual
power management:

processor	: 1
vendor_id	: GenuineIntel
cpu family	: 6
model		: 58
model name	: Intel(R) Core(TM) i7-3517U CPU @ 1.90GHz
stepping	: 9
microcode	: 0x15
cpu MHz		: 768.000
cache size	: 4096 KB
physical id	: 0
siblings	: 4
core id		: 0
cpu cores	: 2
apicid		: 1
initial apicid	: 1
fpu		: yes
fpu_exception	: yes
cpuid level	: 13
wp		: yes
flags		: fpu vme de pse tsc msr pae mce cx8 apic sep mtrr pge mca cmov pat pse36 clflush dts acpi mmx fxsr sse sse2 ss ht tm pbe syscall nx rdtscp lm constant_tsc arch_perfmon pebs bts rep_good nopl xtopology nonstop_tsc aperfmperf eagerfpu pni pclmulqdq dtes64 monitor ds_cpl vmx est tm2 ssse3 cx16 xtpr pdcm pcid sse4_1 sse4_2 x2apic popcnt tsc_deadline_timer xsave avx f16c rdrand lahf_lm ida arat epb xsaveopt pln pts dtherm tpr_shadow vnmi flexpriority ept vpid fsgsbase smep erms
bogomips	: 4789.23
clflush size	: 64
cache_alignment	: 64
address sizes	: 36 bits physical, 48 bits virtual
power management:

processor	: 2
vendor_id	: GenuineIntel
cpu family	: 6
model		: 58
model name	: Intel(R) Core(TM) i7-3517U CPU @ 1.90GHz
stepping	: 9
microcode	: 0x15
cpu MHz		: 1900.000
cache size	: 4096 KB
physical id	: 0
siblings	: 4
core id		: 1
cpu cores	: 2
apicid		: 2
initial apicid	: 2
fpu		: yes
fpu_exception	: yes
cpuid level	: 13
wp		: yes
flags		: fpu vme de pse tsc msr pae mce cx8 apic sep mtrr pge mca cmov pat pse36 clflush dts acpi mmx fxsr sse sse2 ss ht tm pbe syscall nx rdtscp lm constant_tsc arch_perfmon pebs bts rep_good nopl xtopology nonstop_tsc aperfmperf eagerfpu pni pclmulqdq dtes64 monitor ds_cpl vmx est tm2 ssse3 cx16 xtpr pdcm pcid sse4_1 sse4_2 x2apic popcnt tsc_deadline_timer xsave avx f16c rdrand lahf_lm ida arat epb xsaveopt pln pts dtherm tpr_shadow vnmi flexpriority ept vpid fsgsbase smep erms
bogomips	: 4789.23
clflush size	: 64
cache_alignment	: 64
address sizes	: 36 bits physical, 48 bits virtual
power management:

processor	: 3
vendor_id	: GenuineIntel
cpu family	: 6
model		: 58
model name	: Intel(R) Core(TM) i7-3517U CPU @ 1.90GHz
stepping	: 9
microcode	: 0x15
cpu MHz		: 1900.000
cache size	: 4096 KB
physical id	: 0
siblings	: 4
core id		: 1
cpu cores	: 2
apicid		: 3
initial apicid	: 3
fpu		: yes
fpu_exception	: yes
cpuid level	: 13
wp		: yes
flags		: fpu vme de pse tsc msr pae mce cx8 apic sep mtrr pge mca cmov pat pse36 clflush dts acpi mmx fxsr sse sse2 ss ht tm pbe syscall nx rdtscp lm constant_tsc arch_perfmon pebs bts rep_good nopl xtopology nonstop_tsc aperfmperf eagerfpu pni pclmulqdq dtes64 monitor ds_cpl vmx est tm2 ssse3 cx16 xtpr pdcm pcid sse4_1 sse4_2 x2apic popcnt tsc_deadline_timer xsave avx f16c rdrand lahf_lm ida arat epb xsaveopt pln pts dtherm tpr_shadow vnmi flexpriority ept vpid fsgsbase smep erms
bogomips	: 4789.23
clflush size	: 64
cache_alignment	: 64
address sizes	: 36 bits physical, 48 bits virtual
power management:



Memory: 4k page, physical 3663544k(116972k free), swap 3807228k(3807228k free)

vm_info: OpenJDK 64-Bit Server VM (23.7-b01) for linux-amd64 JRE (1.7.0_25-b30), built on Jul  3 2013 13:56:52 by "buildd" with gcc 4.7.2

time: Sat Oct 12 20:41:11 2013
elapsed time: 0 seconds

