#
# A fatal error has been detected by the Java Runtime Environment:
#
#  Internal Error (javaClasses.cpp:129), pid=8057, tid=139802135086848
#  fatal error: Invalid layout of preloaded class
#
# JRE version: 7.0_25-b30
# Java VM: OpenJDK 64-Bit Server VM (23.7-b01 mixed mode linux-amd64 compressed oops)
# Failed to write core dump. Core dumps have been disabled. To enable core dumping, try "ulimit -c unlimited" before starting Java again
#
# If you would like to submit a bug report, please include
# instructions on how to reproduce the bug and visit:
#   https://bugs.launchpad.net/ubuntu/+source/openjdk-7/
#

---------------  T H R E A D  ---------------

Current thread (0x00007f2630009800):  JavaThread "Unknown thread" [_thread_in_vm, id=8058, stack(0x00007f263889c000,0x00007f263899d000)]

Stack: [0x00007f263889c000,0x00007f263899d000],  sp=0x00007f263899b9e0,  free space=1022k
Native frames: (J=compiled Java code, j=interpreted, Vv=VM code, C=native code)
V  [libjvm.so+0x84e26b]  VMError::report_and_die()+0x16b
V  [libjvm.so+0x3ec0a7]  report_fatal(char const*, int, char const*)+0x57
V  [libjvm.so+0x5282ea]  compute_offset(int&, klassOopDesc*, Symbol*, Symbol*, bool) [clone .constprop.123]+0x11a
V  [libjvm.so+0x528556]  java_lang_String::compute_offsets()+0x36
V  [libjvm.so+0x7dbd8d]  SystemDictionary::initialize_preloaded_classes(Thread*)+0x3d
V  [libjvm.so+0x827e38]  Universe::genesis(Thread*)+0x468
V  [libjvm.so+0x8282ef]  universe2_init()+0x1f
V  [libjvm.so+0x4dd23a]  init_globals()+0x9a
V  [libjvm.so+0x80bfbc]  Threads::create_vm(JavaVMInitArgs*, bool*)+0x39c
V  [libjvm.so+0x544cb8]  JNI_CreateJavaVM+0x58
C  [libjli.so+0x2b24]  __strcat_chk+0x2b24


---------------  P R O C E S S  ---------------

Java Threads: ( => current thread )

Other Threads:

=>0x00007f2630009800 (exited) JavaThread "Unknown thread" [_thread_in_vm, id=8058, stack(0x00007f263889c000,0x00007f263899d000)]

VM state:not at safepoint (not fully initialized)

VM Mutex/Monitor currently owned by a thread: None

GC Heap History (0 events):
No events

Deoptimization events (0 events):
No events

Internal exceptions (0 events):
No events

Events (10 events):
Event: 0.007 loading class 0x00007f263002b3d0 done
Event: 0.007 loading class 0x00007f263002ac70 done
Event: 0.007 loading class 0x00007f263002ac40
Event: 0.008 loading class 0x00007f2630055ff0
Event: 0.008 loading class 0x00007f2630055ff0 done
Event: 0.008 loading class 0x00007f2630056030
Event: 0.008 loading class 0x00007f2630056030 done
Event: 0.008 loading class 0x00007f2630056070
Event: 0.008 loading class 0x00007f2630056070 done
Event: 0.008 loading class 0x00007f263002ac40 done


Dynamic libraries:
00400000-00401000 r-xp 00000000 08:08 788865                             /usr/lib/jvm/java-7-openjdk-amd64/jre/bin/java
00600000-00601000 r--p 00000000 08:08 788865                             /usr/lib/jvm/java-7-openjdk-amd64/jre/bin/java
00601000-00602000 rw-p 00001000 08:08 788865                             /usr/lib/jvm/java-7-openjdk-amd64/jre/bin/java
01298000-012b9000 rw-p 00000000 00:00 0                                  [heap]
bda00000-beec0000 rw-p 00000000 00:00 0 
beec0000-c8000000 rw-p 00000000 00:00 0 
c8000000-ca550000 rw-p 00000000 00:00 0 
ca550000-ed560000 rw-p 00000000 00:00 0 
ed560000-ee800000 rw-p 00000000 00:00 0 
ee800000-100000000 rw-p 00000000 00:00 0 
7f2618000000-7f2618021000 rw-p 00000000 00:00 0 
7f2618021000-7f261c000000 ---p 00000000 00:00 0 
7f261ded0000-7f2620000000 rw-p 00000000 00:00 0 
7f2620000000-7f2620021000 rw-p 00000000 00:00 0 
7f2620021000-7f2624000000 ---p 00000000 00:00 0 
7f2624000000-7f2624021000 rw-p 00000000 00:00 0 
7f2624021000-7f2628000000 ---p 00000000 00:00 0 
7f2628000000-7f2628021000 rw-p 00000000 00:00 0 
7f2628021000-7f262c000000 ---p 00000000 00:00 0 
7f262d000000-7f262d270000 rwxp 00000000 00:00 0 
7f262d270000-7f2630060000 rw-p 00000000 00:00 0 
7f2630060000-7f2634000000 ---p 00000000 00:00 0 
7f2634314000-7f263455a000 rw-p 00000000 00:00 0 
7f263455a000-7f2634624000 r--s 011ad000 00:15 2126132                    /home/adrian/Downloads/adt-bundle-linux-x86_64-20130917/sdk/platforms/android-18/android.jar
7f2634624000-7f2634e70000 rw-p 00000000 00:00 0 
7f2634e70000-7f2634e71000 ---p 00000000 00:00 0 
7f2634e71000-7f2634f71000 rw-p 00000000 00:00 0                          [stack:8062]
7f2634f71000-7f2634f72000 ---p 00000000 00:00 0 
7f2634f72000-7f2635072000 rw-p 00000000 00:00 0                          [stack:8061]
7f2635072000-7f2635073000 ---p 00000000 00:00 0 
7f2635073000-7f2635173000 rw-p 00000000 00:00 0                          [stack:8060]
7f2635173000-7f2635174000 ---p 00000000 00:00 0 
7f2635174000-7f263527f000 rw-p 00000000 00:00 0                          [stack:8059]
7f263527f000-7f26352c7000 rw-p 00000000 00:00 0 
7f26352c7000-7f26352da000 rw-p 00000000 00:00 0 
7f26352da000-7f26353f2000 rw-p 00000000 00:00 0 
7f26353f2000-7f26353fd000 rw-p 00000000 00:00 0 
7f26353fd000-7f2635445000 rw-p 00000000 00:00 0 
7f2635445000-7f2635458000 rw-p 00000000 00:00 0 
7f2635458000-7f263556f000 rw-p 00000000 00:00 0 
7f263556f000-7f2635579000 rw-p 00000000 00:00 0 
7f2635579000-7f2635605000 rw-p 00000000 00:00 0 
7f2635605000-7f2635606000 rw-p 00000000 00:00 0 
7f2635606000-7f263560e000 r-xp 00000000 08:08 788847                     /usr/lib/jvm/java-7-openjdk-amd64/jre/lib/amd64/libzip.so
7f263560e000-7f263580d000 ---p 00008000 08:08 788847                     /usr/lib/jvm/java-7-openjdk-amd64/jre/lib/amd64/libzip.so
7f263580d000-7f263580e000 r--p 00007000 08:08 788847                     /usr/lib/jvm/java-7-openjdk-amd64/jre/lib/amd64/libzip.so
7f263580e000-7f263580f000 rw-p 00008000 08:08 788847                     /usr/lib/jvm/java-7-openjdk-amd64/jre/lib/amd64/libzip.so
7f263580f000-7f263581b000 r-xp 00000000 08:08 537866                     /lib/x86_64-linux-gnu/libnss_files-2.15.so
7f263581b000-7f2635a1a000 ---p 0000c000 08:08 537866                     /lib/x86_64-linux-gnu/libnss_files-2.15.so
7f2635a1a000-7f2635a1b000 r--p 0000b000 08:08 537866                     /lib/x86_64-linux-gnu/libnss_files-2.15.so
7f2635a1b000-7f2635a1c000 rw-p 0000c000 08:08 537866                     /lib/x86_64-linux-gnu/libnss_files-2.15.so
7f2635a1c000-7f2635a26000 r-xp 00000000 08:08 537862                     /lib/x86_64-linux-gnu/libnss_nis-2.15.so
7f2635a26000-7f2635c26000 ---p 0000a000 08:08 537862                     /lib/x86_64-linux-gnu/libnss_nis-2.15.so
7f2635c26000-7f2635c27000 r--p 0000a000 08:08 537862                     /lib/x86_64-linux-gnu/libnss_nis-2.15.so
7f2635c27000-7f2635c28000 rw-p 0000b000 08:08 537862                     /lib/x86_64-linux-gnu/libnss_nis-2.15.so
7f2635c28000-7f2635c3f000 r-xp 00000000 08:08 537876                     /lib/x86_64-linux-gnu/libnsl-2.15.so
7f2635c3f000-7f2635e3e000 ---p 00017000 08:08 537876                     /lib/x86_64-linux-gnu/libnsl-2.15.so
7f2635e3e000-7f2635e3f000 r--p 00016000 08:08 537876                     /lib/x86_64-linux-gnu/libnsl-2.15.so
7f2635e3f000-7f2635e40000 rw-p 00017000 08:08 537876                     /lib/x86_64-linux-gnu/libnsl-2.15.so
7f2635e40000-7f2635e42000 rw-p 00000000 00:00 0 
7f2635e42000-7f2635e4a000 r-xp 00000000 08:08 537880                     /lib/x86_64-linux-gnu/libnss_compat-2.15.so
7f2635e4a000-7f2636049000 ---p 00008000 08:08 537880                     /lib/x86_64-linux-gnu/libnss_compat-2.15.so
7f2636049000-7f263604a000 r--p 00007000 08:08 537880                     /lib/x86_64-linux-gnu/libnss_compat-2.15.so
7f263604a000-7f263604b000 rw-p 00008000 08:08 537880                     /lib/x86_64-linux-gnu/libnss_compat-2.15.so
7f263604b000-7f2636075000 r-xp 00000000 08:08 788825                     /usr/lib/jvm/java-7-openjdk-amd64/jre/lib/amd64/libjava.so
7f2636075000-7f2636275000 ---p 0002a000 08:08 788825                     /usr/lib/jvm/java-7-openjdk-amd64/jre/lib/amd64/libjava.so
7f2636275000-7f2636276000 r--p 0002a000 08:08 788825                     /usr/lib/jvm/java-7-openjdk-amd64/jre/lib/amd64/libjava.so
7f2636276000-7f2636278000 rw-p 0002b000 08:08 788825                     /usr/lib/jvm/java-7-openjdk-amd64/jre/lib/amd64/libjava.so
7f2636278000-7f2636287000 r-xp 00000000 08:08 788840                     /usr/lib/jvm/java-7-openjdk-amd64/jre/lib/amd64/libverify.so
7f2636287000-7f2636486000 ---p 0000f000 08:08 788840                     /usr/lib/jvm/java-7-openjdk-amd64/jre/lib/amd64/libverify.so
7f2636486000-7f2636488000 r--p 0000e000 08:08 788840                     /usr/lib/jvm/java-7-openjdk-amd64/jre/lib/amd64/libverify.so
7f2636488000-7f2636489000 rw-p 00010000 08:08 788840                     /usr/lib/jvm/java-7-openjdk-amd64/jre/lib/amd64/libverify.so
7f2636489000-7f2636490000 r-xp 00000000 08:08 537868                     /lib/x86_64-linux-gnu/librt-2.15.so
7f2636490000-7f263668f000 ---p 00007000 08:08 537868                     /lib/x86_64-linux-gnu/librt-2.15.so
7f263668f000-7f2636690000 r--p 00006000 08:08 537868                     /lib/x86_64-linux-gnu/librt-2.15.so
7f2636690000-7f2636691000 rw-p 00007000 08:08 537868                     /lib/x86_64-linux-gnu/librt-2.15.so
7f2636691000-7f26366a6000 r-xp 00000000 08:08 536465                     /lib/x86_64-linux-gnu/libgcc_s.so.1
7f26366a6000-7f26368a5000 ---p 00015000 08:08 536465                     /lib/x86_64-linux-gnu/libgcc_s.so.1
7f26368a5000-7f26368a6000 r--p 00014000 08:08 536465                     /lib/x86_64-linux-gnu/libgcc_s.so.1
7f26368a6000-7f26368a7000 rw-p 00015000 08:08 536465                     /lib/x86_64-linux-gnu/libgcc_s.so.1
7f26368a7000-7f26369a2000 r-xp 00000000 08:08 537877                     /lib/x86_64-linux-gnu/libm-2.15.so
7f26369a2000-7f2636ba1000 ---p 000fb000 08:08 537877                     /lib/x86_64-linux-gnu/libm-2.15.so
7f2636ba1000-7f2636ba2000 r--p 000fa000 08:08 537877                     /lib/x86_64-linux-gnu/libm-2.15.so
7f2636ba2000-7f2636ba3000 rw-p 000fb000 08:08 537877                     /lib/x86_64-linux-gnu/libm-2.15.so
7f2636ba3000-7f2636c88000 r-xp 00000000 08:08 789349                     /usr/lib/x86_64-linux-gnu/libstdc++.so.6.0.17
7f2636c88000-7f2636e87000 ---p 000e5000 08:08 789349                     /usr/lib/x86_64-linux-gnu/libstdc++.so.6.0.17
7f2636e87000-7f2636e8f000 r--p 000e4000 08:08 789349                     /usr/lib/x86_64-linux-gnu/libstdc++.so.6.0.17
7f2636e8f000-7f2636e91000 rw-p 000ec000 08:08 789349                     /usr/lib/x86_64-linux-gnu/libstdc++.so.6.0.17
7f2636e91000-7f2636ea6000 rw-p 00000000 00:00 0 
7f2636ea6000-7f2637895000 r-xp 00000000 08:08 788821                     /usr/lib/jvm/java-7-openjdk-amd64/jre/lib/amd64/server/libjvm.so
7f2637895000-7f2637a95000 ---p 009ef000 08:08 788821                     /usr/lib/jvm/java-7-openjdk-amd64/jre/lib/amd64/server/libjvm.so
7f2637a95000-7f2637b14000 r--p 009ef000 08:08 788821                     /usr/lib/jvm/java-7-openjdk-amd64/jre/lib/amd64/server/libjvm.so
7f2637b14000-7f2637b37000 rw-p 00a6e000 08:08 788821                     /usr/lib/jvm/java-7-openjdk-amd64/jre/lib/amd64/server/libjvm.so
7f2637b37000-7f2637b62000 rw-p 00000000 00:00 0 
7f2637b62000-7f2637b78000 r-xp 00000000 08:08 528220                     /lib/x86_64-linux-gnu/libz.so.1.2.7
7f2637b78000-7f2637d77000 ---p 00016000 08:08 528220                     /lib/x86_64-linux-gnu/libz.so.1.2.7
7f2637d77000-7f2637d78000 r--p 00015000 08:08 528220                     /lib/x86_64-linux-gnu/libz.so.1.2.7
7f2637d78000-7f2637d79000 rw-p 00016000 08:08 528220                     /lib/x86_64-linux-gnu/libz.so.1.2.7
7f2637d79000-7f2637d91000 r-xp 00000000 08:08 537864                     /lib/x86_64-linux-gnu/libpthread-2.15.so
7f2637d91000-7f2637f90000 ---p 00018000 08:08 537864                     /lib/x86_64-linux-gnu/libpthread-2.15.so
7f2637f90000-7f2637f91000 r--p 00017000 08:08 537864                     /lib/x86_64-linux-gnu/libpthread-2.15.so
7f2637f91000-7f2637f92000 rw-p 00018000 08:08 537864                     /lib/x86_64-linux-gnu/libpthread-2.15.so
7f2637f92000-7f2637f96000 rw-p 00000000 00:00 0 
7f2637f96000-7f2637f98000 r-xp 00000000 08:08 537879                     /lib/x86_64-linux-gnu/libdl-2.15.so
7f2637f98000-7f2638198000 ---p 00002000 08:08 537879                     /lib/x86_64-linux-gnu/libdl-2.15.so
7f2638198000-7f2638199000 r--p 00002000 08:08 537879                     /lib/x86_64-linux-gnu/libdl-2.15.so
7f2638199000-7f263819a000 rw-p 00003000 08:08 537879                     /lib/x86_64-linux-gnu/libdl-2.15.so
7f263819a000-7f263834f000 r-xp 00000000 08:08 537881                     /lib/x86_64-linux-gnu/libc-2.15.so
7f263834f000-7f263854e000 ---p 001b5000 08:08 537881                     /lib/x86_64-linux-gnu/libc-2.15.so
7f263854e000-7f2638552000 r--p 001b4000 08:08 537881                     /lib/x86_64-linux-gnu/libc-2.15.so
7f2638552000-7f2638554000 rw-p 001b8000 08:08 537881                     /lib/x86_64-linux-gnu/libc-2.15.so
7f2638554000-7f2638559000 rw-p 00000000 00:00 0 
7f2638574000-7f2638581000 r-xp 00000000 08:08 788826                     /usr/lib/jvm/java-7-openjdk-amd64/jre/lib/amd64/jli/libjli.so
7f2638581000-7f2638780000 ---p 0000d000 08:08 788826                     /usr/lib/jvm/java-7-openjdk-amd64/jre/lib/amd64/jli/libjli.so
7f2638780000-7f2638781000 r--p 0000c000 08:08 788826                     /usr/lib/jvm/java-7-openjdk-amd64/jre/lib/amd64/jli/libjli.so
7f2638781000-7f2638782000 rw-p 0000d000 08:08 788826                     /usr/lib/jvm/java-7-openjdk-amd64/jre/lib/amd64/jli/libjli.so
7f2638782000-7f26387a4000 r-xp 00000000 08:08 537869                     /lib/x86_64-linux-gnu/ld-2.15.so
7f26387aa000-7f26387dc000 rw-p 00000000 00:00 0 
7f26387dc000-7f2638892000 rw-p 00000000 00:00 0 
7f2638892000-7f263889a000 rw-s 00000000 08:08 948382                     /tmp/hsperfdata_adrian/8057
7f263889a000-7f263889b000 rw-p 00000000 00:00 0 
7f263889b000-7f263889c000 r--p 00000000 00:00 0 
7f263889c000-7f263889f000 ---p 00000000 00:00 0 
7f263889f000-7f26389a4000 rw-p 00000000 00:00 0                          [stack:8058]
7f26389a4000-7f26389a5000 r--p 00022000 08:08 537869                     /lib/x86_64-linux-gnu/ld-2.15.so
7f26389a5000-7f26389a7000 rw-p 00023000 08:08 537869                     /lib/x86_64-linux-gnu/ld-2.15.so
7fffc4620000-7fffc4641000 rw-p 00000000 00:00 0                          [stack]
7fffc4688000-7fffc4689000 r-xp 00000000 00:00 0                          [vdso]
ffffffffff600000-ffffffffff601000 r-xp 00000000 00:00 0                  [vsyscall]

VM Arguments:
jvm_args: -Dfile.encoding=UTF-8 -Xbootclasspath:/home/adrian/Downloads/adt-bundle-linux-x86_64-20130917/sdk/platforms/android-18/android.jar 
java_command: org.eclipse.jdt.internal.junit.runner.RemoteTestRunner -version 3 -port 38394 -testLoaderClass org.eclipse.jdt.internal.junit4.runner.JUnit4TestLoader -loaderpluginname org.eclipse.jdt.junit4.runtime -classNames testing.BoardTest
Launcher Type: SUN_STANDARD

Environment Variables:
PATH=/usr/lib/lightdm/lightdm:/usr/local/sbin:/usr/local/bin:/usr/sbin:/usr/bin:/sbin:/bin:/usr/games:/usr/local/games
SHELL=/bin/bash
DISPLAY=:0

Signal Handlers:
SIGSEGV: [libjvm.so+0x84ed50], sa_mask[0]=0x7ffbfeff, sa_flags=0x10000004
SIGBUS: [libjvm.so+0x84ed50], sa_mask[0]=0x7ffbfeff, sa_flags=0x10000004
SIGFPE: [libjvm.so+0x6f14c0], sa_mask[0]=0x7ffbfeff, sa_flags=0x10000004
SIGPIPE: [libjvm.so+0x6f14c0], sa_mask[0]=0x7ffbfeff, sa_flags=0x10000004
SIGXFSZ: [libjvm.so+0x6f14c0], sa_mask[0]=0x7ffbfeff, sa_flags=0x10000004
SIGILL: [libjvm.so+0x6f14c0], sa_mask[0]=0x7ffbfeff, sa_flags=0x10000004
SIGUSR1: SIG_DFL, sa_mask[0]=0x00000000, sa_flags=0x00000000
SIGUSR2: [libjvm.so+0x6f1890], sa_mask[0]=0x00000004, sa_flags=0x10000004
SIGHUP: SIG_DFL, sa_mask[0]=0x00000000, sa_flags=0x00000000
SIGINT: SIG_DFL, sa_mask[0]=0x00000000, sa_flags=0x00000000
SIGTERM: SIG_DFL, sa_mask[0]=0x00000000, sa_flags=0x00000000
SIGQUIT: SIG_DFL, sa_mask[0]=0x00000000, sa_flags=0x00000000


---------------  S Y S T E M  ---------------

OS:Ubuntu 12.10 (quantal)
uname:Linux 3.7.8-030708-generic #201302141605 SMP Thu Feb 14 21:06:35 UTC 2013 x86_64
libc:glibc 2.15 NPTL 2.15 
rlimit: STACK 8192k, CORE 0k, NPROC 27998, NOFILE 4096, AS infinity
load average:0.20 0.25 0.30

/proc/meminfo:
MemTotal:        3663544 kB
MemFree:          196664 kB
Buffers:           72592 kB
Cached:          1235856 kB
SwapCached:            0 kB
Active:          2148004 kB
Inactive:        1030604 kB
Active(anon):    1778912 kB
Inactive(anon):   568768 kB
Active(file):     369092 kB
Inactive(file):   461836 kB
Unevictable:       33708 kB
Mlocked:           33708 kB
SwapTotal:       3807228 kB
SwapFree:        3807228 kB
Dirty:               148 kB
Writeback:             0 kB
AnonPages:       1904376 kB
Mapped:           230984 kB
Shmem:            469248 kB
Slab:             130124 kB
SReclaimable:      69904 kB
SUnreclaim:        60220 kB
KernelStack:        5112 kB
PageTables:        51912 kB
NFS_Unstable:          0 kB
Bounce:                0 kB
WritebackTmp:          0 kB
CommitLimit:     5639000 kB
Committed_AS:    6818516 kB
VmallocTotal:   34359738367 kB
VmallocUsed:      358680 kB
VmallocChunk:   34359375952 kB
HardwareCorrupted:     0 kB
AnonHugePages:         0 kB
HugePages_Total:       0
HugePages_Free:        0
HugePages_Rsvd:        0
HugePages_Surp:        0
Hugepagesize:       2048 kB
DirectMap4k:       71680 kB
DirectMap2M:     4030464 kB


CPU:total 4 (2 cores per cpu, 2 threads per core) family 6 model 58 stepping 9, cmov, cx8, fxsr, mmx, sse, sse2, sse3, ssse3, sse4.1, sse4.2, popcnt, avx, ht, tsc, tscinvbit, tscinv

/proc/cpuinfo:
processor	: 0
vendor_id	: GenuineIntel
cpu family	: 6
model		: 58
model name	: Intel(R) Core(TM) i7-3517U CPU @ 1.90GHz
stepping	: 9
microcode	: 0x15
cpu MHz		: 1900.000
cache size	: 4096 KB
physical id	: 0
siblings	: 4
core id		: 0
cpu cores	: 2
apicid		: 0
initial apicid	: 0
fpu		: yes
fpu_exception	: yes
cpuid level	: 13
wp		: yes
flags		: fpu vme de pse tsc msr pae mce cx8 apic sep mtrr pge mca cmov pat pse36 clflush dts acpi mmx fxsr sse sse2 ss ht tm pbe syscall nx rdtscp lm constant_tsc arch_perfmon pebs bts rep_good nopl xtopology nonstop_tsc aperfmperf eagerfpu pni pclmulqdq dtes64 monitor ds_cpl vmx est tm2 ssse3 cx16 xtpr pdcm pcid sse4_1 sse4_2 x2apic popcnt tsc_deadline_timer xsave avx f16c rdrand lahf_lm ida arat epb xsaveopt pln pts dtherm tpr_shadow vnmi flexpriority ept vpid fsgsbase smep erms
bogomips	: 4789.23
clflush size	: 64
cache_alignment	: 64
address sizes	: 36 bits physical, 48 bits virtual
power management:

processor	: 1
vendor_id	: GenuineIntel
cpu family	: 6
model		: 58
model name	: Intel(R) Core(TM) i7-3517U CPU @ 1.90GHz
stepping	: 9
microcode	: 0x15
cpu MHz		: 1900.000
cache size	: 4096 KB
physical id	: 0
siblings	: 4
core id		: 0
cpu cores	: 2
apicid		: 1
initial apicid	: 1
fpu		: yes
fpu_exception	: yes
cpuid level	: 13
wp		: yes
flags		: fpu vme de pse tsc msr pae mce cx8 apic sep mtrr pge mca cmov pat pse36 clflush dts acpi mmx fxsr sse sse2 ss ht tm pbe syscall nx rdtscp lm constant_tsc arch_perfmon pebs bts rep_good nopl xtopology nonstop_tsc aperfmperf eagerfpu pni pclmulqdq dtes64 monitor ds_cpl vmx est tm2 ssse3 cx16 xtpr pdcm pcid sse4_1 sse4_2 x2apic popcnt tsc_deadline_timer xsave avx f16c rdrand lahf_lm ida arat epb xsaveopt pln pts dtherm tpr_shadow vnmi flexpriority ept vpid fsgsbase smep erms
bogomips	: 4789.23
clflush size	: 64
cache_alignment	: 64
address sizes	: 36 bits physical, 48 bits virtual
power management:

processor	: 2
vendor_id	: GenuineIntel
cpu family	: 6
model		: 58
model name	: Intel(R) Core(TM) i7-3517U CPU @ 1.90GHz
stepping	: 9
microcode	: 0x15
cpu MHz		: 1900.000
cache size	: 4096 KB
physical id	: 0
siblings	: 4
core id		: 1
cpu cores	: 2
apicid		: 2
initial apicid	: 2
fpu		: yes
fpu_exception	: yes
cpuid level	: 13
wp		: yes
flags		: fpu vme de pse tsc msr pae mce cx8 apic sep mtrr pge mca cmov pat pse36 clflush dts acpi mmx fxsr sse sse2 ss ht tm pbe syscall nx rdtscp lm constant_tsc arch_perfmon pebs bts rep_good nopl xtopology nonstop_tsc aperfmperf eagerfpu pni pclmulqdq dtes64 monitor ds_cpl vmx est tm2 ssse3 cx16 xtpr pdcm pcid sse4_1 sse4_2 x2apic popcnt tsc_deadline_timer xsave avx f16c rdrand lahf_lm ida arat epb xsaveopt pln pts dtherm tpr_shadow vnmi flexpriority ept vpid fsgsbase smep erms
bogomips	: 4789.23
clflush size	: 64
cache_alignment	: 64
address sizes	: 36 bits physical, 48 bits virtual
power management:

processor	: 3
vendor_id	: GenuineIntel
cpu family	: 6
model		: 58
model name	: Intel(R) Core(TM) i7-3517U CPU @ 1.90GHz
stepping	: 9
microcode	: 0x15
cpu MHz		: 900.000
cache size	: 4096 KB
physical id	: 0
siblings	: 4
core id		: 1
cpu cores	: 2
apicid		: 3
initial apicid	: 3
fpu		: yes
fpu_exception	: yes
cpuid level	: 13
wp		: yes
flags		: fpu vme de pse tsc msr pae mce cx8 apic sep mtrr pge mca cmov pat pse36 clflush dts acpi mmx fxsr sse sse2 ss ht tm pbe syscall nx rdtscp lm constant_tsc arch_perfmon pebs bts rep_good nopl xtopology nonstop_tsc aperfmperf eagerfpu pni pclmulqdq dtes64 monitor ds_cpl vmx est tm2 ssse3 cx16 xtpr pdcm pcid sse4_1 sse4_2 x2apic popcnt tsc_deadline_timer xsave avx f16c rdrand lahf_lm ida arat epb xsaveopt pln pts dtherm tpr_shadow vnmi flexpriority ept vpid fsgsbase smep erms
bogomips	: 4789.23
clflush size	: 64
cache_alignment	: 64
address sizes	: 36 bits physical, 48 bits virtual
power management:



Memory: 4k page, physical 3663544k(196416k free), swap 3807228k(3807228k free)

vm_info: OpenJDK 64-Bit Server VM (23.7-b01) for linux-amd64 JRE (1.7.0_25-b30), built on Jul  3 2013 13:56:52 by "buildd" with gcc 4.7.2

time: Sat Oct 12 20:21:21 2013
elapsed time: 0 seconds

