#
# A fatal error has been detected by the Java Runtime Environment:
#
#  Internal Error (javaClasses.cpp:129), pid=9289, tid=140176900536064
#  fatal error: Invalid layout of preloaded class
#
# JRE version: 7.0_25-b30
# Java VM: OpenJDK 64-Bit Server VM (23.7-b01 mixed mode linux-amd64 compressed oops)
# Failed to write core dump. Core dumps have been disabled. To enable core dumping, try "ulimit -c unlimited" before starting Java again
#
# If you would like to submit a bug report, please include
# instructions on how to reproduce the bug and visit:
#   https://bugs.launchpad.net/ubuntu/+source/openjdk-7/
#

---------------  T H R E A D  ---------------

Current thread (0x00007f7d74009800):  JavaThread "Unknown thread" [_thread_in_vm, id=9295, stack(0x00007f7d7a4cb000,0x00007f7d7a5cc000)]

Stack: [0x00007f7d7a4cb000,0x00007f7d7a5cc000],  sp=0x00007f7d7a5ca9e0,  free space=1022k
Native frames: (J=compiled Java code, j=interpreted, Vv=VM code, C=native code)
V  [libjvm.so+0x84e26b]  VMError::report_and_die()+0x16b
V  [libjvm.so+0x3ec0a7]  report_fatal(char const*, int, char const*)+0x57
V  [libjvm.so+0x5282ea]  compute_offset(int&, klassOopDesc*, Symbol*, Symbol*, bool) [clone .constprop.123]+0x11a
V  [libjvm.so+0x528556]  java_lang_String::compute_offsets()+0x36
V  [libjvm.so+0x7dbd8d]  SystemDictionary::initialize_preloaded_classes(Thread*)+0x3d
V  [libjvm.so+0x827e38]  Universe::genesis(Thread*)+0x468
V  [libjvm.so+0x8282ef]  universe2_init()+0x1f
V  [libjvm.so+0x4dd23a]  init_globals()+0x9a
V  [libjvm.so+0x80bfbc]  Threads::create_vm(JavaVMInitArgs*, bool*)+0x39c
V  [libjvm.so+0x544cb8]  JNI_CreateJavaVM+0x58
C  [libjli.so+0x2b24]  __strcat_chk+0x2b24


---------------  P R O C E S S  ---------------

Java Threads: ( => current thread )

Other Threads:

=>0x00007f7d74009800 (exited) JavaThread "Unknown thread" [_thread_in_vm, id=9295, stack(0x00007f7d7a4cb000,0x00007f7d7a5cc000)]

VM state:not at safepoint (not fully initialized)

VM Mutex/Monitor currently owned by a thread: None

GC Heap History (0 events):
No events

Deoptimization events (0 events):
No events

Internal exceptions (0 events):
No events

Events (10 events):
Event: 0.009 loading class 0x00007f7d7402b3d0 done
Event: 0.009 loading class 0x00007f7d7402ac70 done
Event: 0.009 loading class 0x00007f7d7402ac40
Event: 0.009 loading class 0x00007f7d74055ff0
Event: 0.009 loading class 0x00007f7d74055ff0 done
Event: 0.009 loading class 0x00007f7d74056030
Event: 0.009 loading class 0x00007f7d74056030 done
Event: 0.009 loading class 0x00007f7d74056070
Event: 0.009 loading class 0x00007f7d74056070 done
Event: 0.009 loading class 0x00007f7d7402ac40 done


Dynamic libraries:
00400000-00401000 r-xp 00000000 08:08 788865                             /usr/lib/jvm/java-7-openjdk-amd64/jre/bin/java
00600000-00601000 r--p 00000000 08:08 788865                             /usr/lib/jvm/java-7-openjdk-amd64/jre/bin/java
00601000-00602000 rw-p 00001000 08:08 788865                             /usr/lib/jvm/java-7-openjdk-amd64/jre/bin/java
019b1000-019d2000 rw-p 00000000 00:00 0                                  [heap]
bda00000-beec0000 rw-p 00000000 00:00 0 
beec0000-c8000000 rw-p 00000000 00:00 0 
c8000000-ca550000 rw-p 00000000 00:00 0 
ca550000-ed560000 rw-p 00000000 00:00 0 
ed560000-ee800000 rw-p 00000000 00:00 0 
ee800000-100000000 rw-p 00000000 00:00 0 
7f7d50000000-7f7d50021000 rw-p 00000000 00:00 0 
7f7d50021000-7f7d54000000 ---p 00000000 00:00 0 
7f7d58000000-7f7d58021000 rw-p 00000000 00:00 0 
7f7d58021000-7f7d5c000000 ---p 00000000 00:00 0 
7f7d60000000-7f7d60021000 rw-p 00000000 00:00 0 
7f7d60021000-7f7d64000000 ---p 00000000 00:00 0 
7f7d65684000-7f7d68000000 rw-p 00000000 00:00 0 
7f7d68000000-7f7d68021000 rw-p 00000000 00:00 0 
7f7d68021000-7f7d6c000000 ---p 00000000 00:00 0 
7f7d6f762000-7f7d6f970000 rw-p 00000000 00:00 0 
7f7d6f970000-7f7d6fa3a000 r--s 011ad000 00:15 2126132                    /home/adrian/Downloads/adt-bundle-linux-x86_64-20130917/sdk/platforms/android-18/android.jar
7f7d6fa3a000-7f7d6fa3b000 ---p 00000000 00:00 0 
7f7d6fa3b000-7f7d6fb3b000 rw-p 00000000 00:00 0                          [stack:9299]
7f7d6fb3b000-7f7d6fb3c000 ---p 00000000 00:00 0 
7f7d6fb3c000-7f7d6fc3c000 rw-p 00000000 00:00 0                          [stack:9298]
7f7d6fc3c000-7f7d6fc3d000 ---p 00000000 00:00 0 
7f7d6fc3d000-7f7d6fd3d000 rw-p 00000000 00:00 0                          [stack:9297]
7f7d6fd3d000-7f7d6fd3e000 ---p 00000000 00:00 0 
7f7d6fd3e000-7f7d6fe51000 rw-p 00000000 00:00 0                          [stack:9296]
7f7d6fe51000-7f7d6ff69000 rw-p 00000000 00:00 0 
7f7d6ff69000-7f7d6ff74000 rw-p 00000000 00:00 0 
7f7d6ff74000-7f7d6ffbc000 rw-p 00000000 00:00 0 
7f7d6ffbc000-7f7d6ffcf000 rw-p 00000000 00:00 0 
7f7d6ffcf000-7f7d700e6000 rw-p 00000000 00:00 0 
7f7d700e6000-7f7d700f0000 rw-p 00000000 00:00 0 
7f7d700f0000-7f7d7017c000 rw-p 00000000 00:00 0 
7f7d7017c000-7f7d7017d000 rw-p 00000000 00:00 0 
7f7d7017d000-7f7d703ed000 rwxp 00000000 00:00 0 
7f7d703ed000-7f7d7317d000 rw-p 00000000 00:00 0 
7f7d7317d000-7f7d73185000 r-xp 00000000 08:08 788847                     /usr/lib/jvm/java-7-openjdk-amd64/jre/lib/amd64/libzip.so
7f7d73185000-7f7d73384000 ---p 00008000 08:08 788847                     /usr/lib/jvm/java-7-openjdk-amd64/jre/lib/amd64/libzip.so
7f7d73384000-7f7d73385000 r--p 00007000 08:08 788847                     /usr/lib/jvm/java-7-openjdk-amd64/jre/lib/amd64/libzip.so
7f7d73385000-7f7d73386000 rw-p 00008000 08:08 788847                     /usr/lib/jvm/java-7-openjdk-amd64/jre/lib/amd64/libzip.so
7f7d73386000-7f7d73392000 r-xp 00000000 08:08 537866                     /lib/x86_64-linux-gnu/libnss_files-2.15.so
7f7d73392000-7f7d73591000 ---p 0000c000 08:08 537866                     /lib/x86_64-linux-gnu/libnss_files-2.15.so
7f7d73591000-7f7d73592000 r--p 0000b000 08:08 537866                     /lib/x86_64-linux-gnu/libnss_files-2.15.so
7f7d73592000-7f7d73593000 rw-p 0000c000 08:08 537866                     /lib/x86_64-linux-gnu/libnss_files-2.15.so
7f7d73593000-7f7d7359d000 r-xp 00000000 08:08 537862                     /lib/x86_64-linux-gnu/libnss_nis-2.15.so
7f7d7359d000-7f7d7379d000 ---p 0000a000 08:08 537862                     /lib/x86_64-linux-gnu/libnss_nis-2.15.so
7f7d7379d000-7f7d7379e000 r--p 0000a000 08:08 537862                     /lib/x86_64-linux-gnu/libnss_nis-2.15.so
7f7d7379e000-7f7d7379f000 rw-p 0000b000 08:08 537862                     /lib/x86_64-linux-gnu/libnss_nis-2.15.so
7f7d7379f000-7f7d737b6000 r-xp 00000000 08:08 537876                     /lib/x86_64-linux-gnu/libnsl-2.15.so
7f7d737b6000-7f7d739b5000 ---p 00017000 08:08 537876                     /lib/x86_64-linux-gnu/libnsl-2.15.so
7f7d739b5000-7f7d739b6000 r--p 00016000 08:08 537876                     /lib/x86_64-linux-gnu/libnsl-2.15.so
7f7d739b6000-7f7d739b7000 rw-p 00017000 08:08 537876                     /lib/x86_64-linux-gnu/libnsl-2.15.so
7f7d739b7000-7f7d739b9000 rw-p 00000000 00:00 0 
7f7d739b9000-7f7d739c1000 r-xp 00000000 08:08 537880                     /lib/x86_64-linux-gnu/libnss_compat-2.15.so
7f7d739c1000-7f7d73bc0000 ---p 00008000 08:08 537880                     /lib/x86_64-linux-gnu/libnss_compat-2.15.so
7f7d73bc0000-7f7d73bc1000 r--p 00007000 08:08 537880                     /lib/x86_64-linux-gnu/libnss_compat-2.15.so
7f7d73bc1000-7f7d73bc2000 rw-p 00008000 08:08 537880                     /lib/x86_64-linux-gnu/libnss_compat-2.15.so
7f7d73bc2000-7f7d73bec000 r-xp 00000000 08:08 788825                     /usr/lib/jvm/java-7-openjdk-amd64/jre/lib/amd64/libjava.so
7f7d73bec000-7f7d73dec000 ---p 0002a000 08:08 788825                     /usr/lib/jvm/java-7-openjdk-amd64/jre/lib/amd64/libjava.so
7f7d73dec000-7f7d73ded000 r--p 0002a000 08:08 788825                     /usr/lib/jvm/java-7-openjdk-amd64/jre/lib/amd64/libjava.so
7f7d73ded000-7f7d73def000 rw-p 0002b000 08:08 788825                     /usr/lib/jvm/java-7-openjdk-amd64/jre/lib/amd64/libjava.so
7f7d73def000-7f7d73dfe000 r-xp 00000000 08:08 788840                     /usr/lib/jvm/java-7-openjdk-amd64/jre/lib/amd64/libverify.so
7f7d73dfe000-7f7d73ffd000 ---p 0000f000 08:08 788840                     /usr/lib/jvm/java-7-openjdk-amd64/jre/lib/amd64/libverify.so
7f7d73ffd000-7f7d73fff000 r--p 0000e000 08:08 788840                     /usr/lib/jvm/java-7-openjdk-amd64/jre/lib/amd64/libverify.so
7f7d73fff000-7f7d74000000 rw-p 00010000 08:08 788840                     /usr/lib/jvm/java-7-openjdk-amd64/jre/lib/amd64/libverify.so
7f7d74000000-7f7d74060000 rw-p 00000000 00:00 0 
7f7d74060000-7f7d78000000 ---p 00000000 00:00 0 
7f7d7802e000-7f7d78070000 rw-p 00000000 00:00 0 
7f7d78070000-7f7d780b8000 rw-p 00000000 00:00 0 
7f7d780b8000-7f7d780bf000 r-xp 00000000 08:08 537868                     /lib/x86_64-linux-gnu/librt-2.15.so
7f7d780bf000-7f7d782be000 ---p 00007000 08:08 537868                     /lib/x86_64-linux-gnu/librt-2.15.so
7f7d782be000-7f7d782bf000 r--p 00006000 08:08 537868                     /lib/x86_64-linux-gnu/librt-2.15.so
7f7d782bf000-7f7d782c0000 rw-p 00007000 08:08 537868                     /lib/x86_64-linux-gnu/librt-2.15.so
7f7d782c0000-7f7d782d5000 r-xp 00000000 08:08 536465                     /lib/x86_64-linux-gnu/libgcc_s.so.1
7f7d782d5000-7f7d784d4000 ---p 00015000 08:08 536465                     /lib/x86_64-linux-gnu/libgcc_s.so.1
7f7d784d4000-7f7d784d5000 r--p 00014000 08:08 536465                     /lib/x86_64-linux-gnu/libgcc_s.so.1
7f7d784d5000-7f7d784d6000 rw-p 00015000 08:08 536465                     /lib/x86_64-linux-gnu/libgcc_s.so.1
7f7d784d6000-7f7d785d1000 r-xp 00000000 08:08 537877                     /lib/x86_64-linux-gnu/libm-2.15.so
7f7d785d1000-7f7d787d0000 ---p 000fb000 08:08 537877                     /lib/x86_64-linux-gnu/libm-2.15.so
7f7d787d0000-7f7d787d1000 r--p 000fa000 08:08 537877                     /lib/x86_64-linux-gnu/libm-2.15.so
7f7d787d1000-7f7d787d2000 rw-p 000fb000 08:08 537877                     /lib/x86_64-linux-gnu/libm-2.15.so
7f7d787d2000-7f7d788b7000 r-xp 00000000 08:08 789349                     /usr/lib/x86_64-linux-gnu/libstdc++.so.6.0.17
7f7d788b7000-7f7d78ab6000 ---p 000e5000 08:08 789349                     /usr/lib/x86_64-linux-gnu/libstdc++.so.6.0.17
7f7d78ab6000-7f7d78abe000 r--p 000e4000 08:08 789349                     /usr/lib/x86_64-linux-gnu/libstdc++.so.6.0.17
7f7d78abe000-7f7d78ac0000 rw-p 000ec000 08:08 789349                     /usr/lib/x86_64-linux-gnu/libstdc++.so.6.0.17
7f7d78ac0000-7f7d78ad5000 rw-p 00000000 00:00 0 
7f7d78ad5000-7f7d794c4000 r-xp 00000000 08:08 788821                     /usr/lib/jvm/java-7-openjdk-amd64/jre/lib/amd64/server/libjvm.so
7f7d794c4000-7f7d796c4000 ---p 009ef000 08:08 788821                     /usr/lib/jvm/java-7-openjdk-amd64/jre/lib/amd64/server/libjvm.so
7f7d796c4000-7f7d79743000 r--p 009ef000 08:08 788821                     /usr/lib/jvm/java-7-openjdk-amd64/jre/lib/amd64/server/libjvm.so
7f7d79743000-7f7d79766000 rw-p 00a6e000 08:08 788821                     /usr/lib/jvm/java-7-openjdk-amd64/jre/lib/amd64/server/libjvm.so
7f7d79766000-7f7d79791000 rw-p 00000000 00:00 0 
7f7d79791000-7f7d797a7000 r-xp 00000000 08:08 528220                     /lib/x86_64-linux-gnu/libz.so.1.2.7
7f7d797a7000-7f7d799a6000 ---p 00016000 08:08 528220                     /lib/x86_64-linux-gnu/libz.so.1.2.7
7f7d799a6000-7f7d799a7000 r--p 00015000 08:08 528220                     /lib/x86_64-linux-gnu/libz.so.1.2.7
7f7d799a7000-7f7d799a8000 rw-p 00016000 08:08 528220                     /lib/x86_64-linux-gnu/libz.so.1.2.7
7f7d799a8000-7f7d799c0000 r-xp 00000000 08:08 537864                     /lib/x86_64-linux-gnu/libpthread-2.15.so
7f7d799c0000-7f7d79bbf000 ---p 00018000 08:08 537864                     /lib/x86_64-linux-gnu/libpthread-2.15.so
7f7d79bbf000-7f7d79bc0000 r--p 00017000 08:08 537864                     /lib/x86_64-linux-gnu/libpthread-2.15.so
7f7d79bc0000-7f7d79bc1000 rw-p 00018000 08:08 537864                     /lib/x86_64-linux-gnu/libpthread-2.15.so
7f7d79bc1000-7f7d79bc5000 rw-p 00000000 00:00 0 
7f7d79bc5000-7f7d79bc7000 r-xp 00000000 08:08 537879                     /lib/x86_64-linux-gnu/libdl-2.15.so
7f7d79bc7000-7f7d79dc7000 ---p 00002000 08:08 537879                     /lib/x86_64-linux-gnu/libdl-2.15.so
7f7d79dc7000-7f7d79dc8000 r--p 00002000 08:08 537879                     /lib/x86_64-linux-gnu/libdl-2.15.so
7f7d79dc8000-7f7d79dc9000 rw-p 00003000 08:08 537879                     /lib/x86_64-linux-gnu/libdl-2.15.so
7f7d79dc9000-7f7d79f7e000 r-xp 00000000 08:08 537881                     /lib/x86_64-linux-gnu/libc-2.15.so
7f7d79f7e000-7f7d7a17d000 ---p 001b5000 08:08 537881                     /lib/x86_64-linux-gnu/libc-2.15.so
7f7d7a17d000-7f7d7a181000 r--p 001b4000 08:08 537881                     /lib/x86_64-linux-gnu/libc-2.15.so
7f7d7a181000-7f7d7a183000 rw-p 001b8000 08:08 537881                     /lib/x86_64-linux-gnu/libc-2.15.so
7f7d7a183000-7f7d7a188000 rw-p 00000000 00:00 0 
7f7d7a1a3000-7f7d7a1b0000 r-xp 00000000 08:08 788826                     /usr/lib/jvm/java-7-openjdk-amd64/jre/lib/amd64/jli/libjli.so
7f7d7a1b0000-7f7d7a3af000 ---p 0000d000 08:08 788826                     /usr/lib/jvm/java-7-openjdk-amd64/jre/lib/amd64/jli/libjli.so
7f7d7a3af000-7f7d7a3b0000 r--p 0000c000 08:08 788826                     /usr/lib/jvm/java-7-openjdk-amd64/jre/lib/amd64/jli/libjli.so
7f7d7a3b0000-7f7d7a3b1000 rw-p 0000d000 08:08 788826                     /usr/lib/jvm/java-7-openjdk-amd64/jre/lib/amd64/jli/libjli.so
7f7d7a3b1000-7f7d7a3d3000 r-xp 00000000 08:08 537869                     /lib/x86_64-linux-gnu/ld-2.15.so
7f7d7a3d8000-7f7d7a40b000 rw-p 00000000 00:00 0 
7f7d7a40b000-7f7d7a4c1000 rw-p 00000000 00:00 0 
7f7d7a4c1000-7f7d7a4c9000 rw-s 00000000 08:08 948382                     /tmp/hsperfdata_adrian/9289
7f7d7a4c9000-7f7d7a4ca000 rw-p 00000000 00:00 0 
7f7d7a4ca000-7f7d7a4cb000 r--p 00000000 00:00 0 
7f7d7a4cb000-7f7d7a4ce000 ---p 00000000 00:00 0 
7f7d7a4ce000-7f7d7a5d3000 rw-p 00000000 00:00 0                          [stack:9295]
7f7d7a5d3000-7f7d7a5d4000 r--p 00022000 08:08 537869                     /lib/x86_64-linux-gnu/ld-2.15.so
7f7d7a5d4000-7f7d7a5d6000 rw-p 00023000 08:08 537869                     /lib/x86_64-linux-gnu/ld-2.15.so
7fff8bc93000-7fff8bcb4000 rw-p 00000000 00:00 0                          [stack]
7fff8bd59000-7fff8bd5a000 r-xp 00000000 00:00 0                          [vdso]
ffffffffff600000-ffffffffff601000 r-xp 00000000 00:00 0                  [vsyscall]

VM Arguments:
jvm_args: -Dfile.encoding=UTF-8 -Xbootclasspath:/home/adrian/Downloads/adt-bundle-linux-x86_64-20130917/sdk/platforms/android-18/android.jar 
java_command: org.eclipse.jdt.internal.junit.runner.RemoteTestRunner -version 3 -port 54520 -testLoaderClass org.eclipse.jdt.internal.junit4.runner.JUnit4TestLoader -loaderpluginname org.eclipse.jdt.junit4.runtime -classNames testing.BoardTest
Launcher Type: SUN_STANDARD

Environment Variables:
PATH=/usr/lib/lightdm/lightdm:/usr/local/sbin:/usr/local/bin:/usr/sbin:/usr/bin:/sbin:/bin:/usr/games:/usr/local/games
SHELL=/bin/bash
DISPLAY=:0

Signal Handlers:
SIGSEGV: [libjvm.so+0x84ed50], sa_mask[0]=0x7ffbfeff, sa_flags=0x10000004
SIGBUS: [libjvm.so+0x84ed50], sa_mask[0]=0x7ffbfeff, sa_flags=0x10000004
SIGFPE: [libjvm.so+0x6f14c0], sa_mask[0]=0x7ffbfeff, sa_flags=0x10000004
SIGPIPE: [libjvm.so+0x6f14c0], sa_mask[0]=0x7ffbfeff, sa_flags=0x10000004
SIGXFSZ: [libjvm.so+0x6f14c0], sa_mask[0]=0x7ffbfeff, sa_flags=0x10000004
SIGILL: [libjvm.so+0x6f14c0], sa_mask[0]=0x7ffbfeff, sa_flags=0x10000004
SIGUSR1: SIG_DFL, sa_mask[0]=0x00000000, sa_flags=0x00000000
SIGUSR2: [libjvm.so+0x6f1890], sa_mask[0]=0x00000004, sa_flags=0x10000004
SIGHUP: SIG_DFL, sa_mask[0]=0x00000000, sa_flags=0x00000000
SIGINT: SIG_DFL, sa_mask[0]=0x00000000, sa_flags=0x00000000
SIGTERM: SIG_DFL, sa_mask[0]=0x00000000, sa_flags=0x00000000
SIGQUIT: SIG_DFL, sa_mask[0]=0x00000000, sa_flags=0x00000000


---------------  S Y S T E M  ---------------

OS:Ubuntu 12.10 (quantal)
uname:Linux 3.7.8-030708-generic #201302141605 SMP Thu Feb 14 21:06:35 UTC 2013 x86_64
libc:glibc 2.15 NPTL 2.15 
rlimit: STACK 8192k, CORE 0k, NPROC 27998, NOFILE 4096, AS infinity
load average:0.59 0.44 0.36

/proc/meminfo:
MemTotal:        3663544 kB
MemFree:          212616 kB
Buffers:           76072 kB
Cached:          1206600 kB
SwapCached:            0 kB
Active:          2241248 kB
Inactive:         914384 kB
Active(anon):    1781476 kB
Inactive(anon):   559732 kB
Active(file):     459772 kB
Inactive(file):   354652 kB
Unevictable:       33708 kB
Mlocked:           33708 kB
SwapTotal:       3807228 kB
SwapFree:        3807228 kB
Dirty:                40 kB
Writeback:             0 kB
AnonPages:       1907048 kB
Mapped:           231340 kB
Shmem:            460248 kB
Slab:             136552 kB
SReclaimable:      76080 kB
SUnreclaim:        60472 kB
KernelStack:        5104 kB
PageTables:        51924 kB
NFS_Unstable:          0 kB
Bounce:                0 kB
WritebackTmp:          0 kB
CommitLimit:     5639000 kB
Committed_AS:    6808604 kB
VmallocTotal:   34359738367 kB
VmallocUsed:      358680 kB
VmallocChunk:   34359375952 kB
HardwareCorrupted:     0 kB
AnonHugePages:         0 kB
HugePages_Total:       0
HugePages_Free:        0
HugePages_Rsvd:        0
HugePages_Surp:        0
Hugepagesize:       2048 kB
DirectMap4k:       71680 kB
DirectMap2M:     4030464 kB


CPU:total 4 (2 cores per cpu, 2 threads per core) family 6 model 58 stepping 9, cmov, cx8, fxsr, mmx, sse, sse2, sse3, ssse3, sse4.1, sse4.2, popcnt, avx, ht, tsc, tscinvbit, tscinv

/proc/cpuinfo:
processor	: 0
vendor_id	: GenuineIntel
cpu family	: 6
model		: 58
model name	: Intel(R) Core(TM) i7-3517U CPU @ 1.90GHz
stepping	: 9
microcode	: 0x15
cpu MHz		: 1900.000
cache size	: 4096 KB
physical id	: 0
siblings	: 4
core id		: 0
cpu cores	: 2
apicid		: 0
initial apicid	: 0
fpu		: yes
fpu_exception	: yes
cpuid level	: 13
wp		: yes
flags		: fpu vme de pse tsc msr pae mce cx8 apic sep mtrr pge mca cmov pat pse36 clflush dts acpi mmx fxsr sse sse2 ss ht tm pbe syscall nx rdtscp lm constant_tsc arch_perfmon pebs bts rep_good nopl xtopology nonstop_tsc aperfmperf eagerfpu pni pclmulqdq dtes64 monitor ds_cpl vmx est tm2 ssse3 cx16 xtpr pdcm pcid sse4_1 sse4_2 x2apic popcnt tsc_deadline_timer xsave avx f16c rdrand lahf_lm ida arat epb xsaveopt pln pts dtherm tpr_shadow vnmi flexpriority ept vpid fsgsbase smep erms
bogomips	: 4789.23
clflush size	: 64
cache_alignment	: 64
address sizes	: 36 bits physical, 48 bits virtual
power management:

processor	: 1
vendor_id	: GenuineIntel
cpu family	: 6
model		: 58
model name	: Intel(R) Core(TM) i7-3517U CPU @ 1.90GHz
stepping	: 9
microcode	: 0x15
cpu MHz		: 1900.000
cache size	: 4096 KB
physical id	: 0
siblings	: 4
core id		: 0
cpu cores	: 2
apicid		: 1
initial apicid	: 1
fpu		: yes
fpu_exception	: yes
cpuid level	: 13
wp		: yes
flags		: fpu vme de pse tsc msr pae mce cx8 apic sep mtrr pge mca cmov pat pse36 clflush dts acpi mmx fxsr sse sse2 ss ht tm pbe syscall nx rdtscp lm constant_tsc arch_perfmon pebs bts rep_good nopl xtopology nonstop_tsc aperfmperf eagerfpu pni pclmulqdq dtes64 monitor ds_cpl vmx est tm2 ssse3 cx16 xtpr pdcm pcid sse4_1 sse4_2 x2apic popcnt tsc_deadline_timer xsave avx f16c rdrand lahf_lm ida arat epb xsaveopt pln pts dtherm tpr_shadow vnmi flexpriority ept vpid fsgsbase smep erms
bogomips	: 4789.23
clflush size	: 64
cache_alignment	: 64
address sizes	: 36 bits physical, 48 bits virtual
power management:

processor	: 2
vendor_id	: GenuineIntel
cpu family	: 6
model		: 58
model name	: Intel(R) Core(TM) i7-3517U CPU @ 1.90GHz
stepping	: 9
microcode	: 0x15
cpu MHz		: 1400.000
cache size	: 4096 KB
physical id	: 0
siblings	: 4
core id		: 1
cpu cores	: 2
apicid		: 2
initial apicid	: 2
fpu		: yes
fpu_exception	: yes
cpuid level	: 13
wp		: yes
flags		: fpu vme de pse tsc msr pae mce cx8 apic sep mtrr pge mca cmov pat pse36 clflush dts acpi mmx fxsr sse sse2 ss ht tm pbe syscall nx rdtscp lm constant_tsc arch_perfmon pebs bts rep_good nopl xtopology nonstop_tsc aperfmperf eagerfpu pni pclmulqdq dtes64 monitor ds_cpl vmx est tm2 ssse3 cx16 xtpr pdcm pcid sse4_1 sse4_2 x2apic popcnt tsc_deadline_timer xsave avx f16c rdrand lahf_lm ida arat epb xsaveopt pln pts dtherm tpr_shadow vnmi flexpriority ept vpid fsgsbase smep erms
bogomips	: 4789.23
clflush size	: 64
cache_alignment	: 64
address sizes	: 36 bits physical, 48 bits virtual
power management:

processor	: 3
vendor_id	: GenuineIntel
cpu family	: 6
model		: 58
model name	: Intel(R) Core(TM) i7-3517U CPU @ 1.90GHz
stepping	: 9
microcode	: 0x15
cpu MHz		: 1300.000
cache size	: 4096 KB
physical id	: 0
siblings	: 4
core id		: 1
cpu cores	: 2
apicid		: 3
initial apicid	: 3
fpu		: yes
fpu_exception	: yes
cpuid level	: 13
wp		: yes
flags		: fpu vme de pse tsc msr pae mce cx8 apic sep mtrr pge mca cmov pat pse36 clflush dts acpi mmx fxsr sse sse2 ss ht tm pbe syscall nx rdtscp lm constant_tsc arch_perfmon pebs bts rep_good nopl xtopology nonstop_tsc aperfmperf eagerfpu pni pclmulqdq dtes64 monitor ds_cpl vmx est tm2 ssse3 cx16 xtpr pdcm pcid sse4_1 sse4_2 x2apic popcnt tsc_deadline_timer xsave avx f16c rdrand lahf_lm ida arat epb xsaveopt pln pts dtherm tpr_shadow vnmi flexpriority ept vpid fsgsbase smep erms
bogomips	: 4789.23
clflush size	: 64
cache_alignment	: 64
address sizes	: 36 bits physical, 48 bits virtual
power management:



Memory: 4k page, physical 3663544k(212616k free), swap 3807228k(3807228k free)

vm_info: OpenJDK 64-Bit Server VM (23.7-b01) for linux-amd64 JRE (1.7.0_25-b30), built on Jul  3 2013 13:56:52 by "buildd" with gcc 4.7.2

time: Sat Oct 12 20:23:51 2013
elapsed time: 0 seconds

