#
# A fatal error has been detected by the Java Runtime Environment:
#
#  Internal Error (javaClasses.cpp:129), pid=10754, tid=140205759067904
#  fatal error: Invalid layout of preloaded class
#
# JRE version: 7.0_25-b30
# Java VM: OpenJDK 64-Bit Server VM (23.7-b01 mixed mode linux-amd64 compressed oops)
# Failed to write core dump. Core dumps have been disabled. To enable core dumping, try "ulimit -c unlimited" before starting Java again
#
# If you would like to submit a bug report, please include
# instructions on how to reproduce the bug and visit:
#   https://bugs.launchpad.net/ubuntu/+source/openjdk-7/
#

---------------  T H R E A D  ---------------

Current thread (0x00007f842c009800):  JavaThread "Unknown thread" [_thread_in_vm, id=10760, stack(0x00007f843266f000,0x00007f8432770000)]

Stack: [0x00007f843266f000,0x00007f8432770000],  sp=0x00007f843276e9e0,  free space=1022k
Native frames: (J=compiled Java code, j=interpreted, Vv=VM code, C=native code)
V  [libjvm.so+0x84e26b]  VMError::report_and_die()+0x16b
V  [libjvm.so+0x3ec0a7]  report_fatal(char const*, int, char const*)+0x57
V  [libjvm.so+0x5282ea]  compute_offset(int&, klassOopDesc*, Symbol*, Symbol*, bool) [clone .constprop.123]+0x11a
V  [libjvm.so+0x528556]  java_lang_String::compute_offsets()+0x36
V  [libjvm.so+0x7dbd8d]  SystemDictionary::initialize_preloaded_classes(Thread*)+0x3d
V  [libjvm.so+0x827e38]  Universe::genesis(Thread*)+0x468
V  [libjvm.so+0x8282ef]  universe2_init()+0x1f
V  [libjvm.so+0x4dd23a]  init_globals()+0x9a
V  [libjvm.so+0x80bfbc]  Threads::create_vm(JavaVMInitArgs*, bool*)+0x39c
V  [libjvm.so+0x544cb8]  JNI_CreateJavaVM+0x58
C  [libjli.so+0x2b24]  __strcat_chk+0x2b24


---------------  P R O C E S S  ---------------

Java Threads: ( => current thread )

Other Threads:

=>0x00007f842c009800 (exited) JavaThread "Unknown thread" [_thread_in_vm, id=10760, stack(0x00007f843266f000,0x00007f8432770000)]

VM state:not at safepoint (not fully initialized)

VM Mutex/Monitor currently owned by a thread: None

GC Heap History (0 events):
No events

Deoptimization events (0 events):
No events

Internal exceptions (0 events):
No events

Events (10 events):
Event: 0.008 loading class 0x00007f842c02b430 done
Event: 0.009 loading class 0x00007f842c02acd0 done
Event: 0.009 loading class 0x00007f842c02aca0
Event: 0.009 loading class 0x00007f842c056050
Event: 0.009 loading class 0x00007f842c056050 done
Event: 0.009 loading class 0x00007f842c056090
Event: 0.009 loading class 0x00007f842c056090 done
Event: 0.009 loading class 0x00007f842c0560d0
Event: 0.009 loading class 0x00007f842c0560d0 done
Event: 0.009 loading class 0x00007f842c02aca0 done


Dynamic libraries:
00400000-00401000 r-xp 00000000 08:08 788865                             /usr/lib/jvm/java-7-openjdk-amd64/jre/bin/java
00600000-00601000 r--p 00000000 08:08 788865                             /usr/lib/jvm/java-7-openjdk-amd64/jre/bin/java
00601000-00602000 rw-p 00001000 08:08 788865                             /usr/lib/jvm/java-7-openjdk-amd64/jre/bin/java
020f9000-0211a000 rw-p 00000000 00:00 0                                  [heap]
bda00000-beec0000 rw-p 00000000 00:00 0 
beec0000-c8000000 rw-p 00000000 00:00 0 
c8000000-ca550000 rw-p 00000000 00:00 0 
ca550000-ed560000 rw-p 00000000 00:00 0 
ed560000-ee800000 rw-p 00000000 00:00 0 
ee800000-100000000 rw-p 00000000 00:00 0 
7f8408000000-7f8408021000 rw-p 00000000 00:00 0 
7f8408021000-7f840c000000 ---p 00000000 00:00 0 
7f8410000000-7f8410021000 rw-p 00000000 00:00 0 
7f8410021000-7f8414000000 ---p 00000000 00:00 0 
7f8418000000-7f8418021000 rw-p 00000000 00:00 0 
7f8418021000-7f841c000000 ---p 00000000 00:00 0 
7f8420000000-7f8420021000 rw-p 00000000 00:00 0 
7f8420021000-7f8424000000 ---p 00000000 00:00 0 
7f8424f6c000-7f84251b2000 rw-p 00000000 00:00 0 
7f84251b2000-7f842527c000 r--s 011ad000 00:15 2126132                    /home/adrian/Downloads/adt-bundle-linux-x86_64-20130917/sdk/platforms/android-18/android.jar
7f842527c000-7f8427bf8000 rw-p 00000000 00:00 0 
7f8427bf8000-7f8427bf9000 ---p 00000000 00:00 0 
7f8427bf9000-7f8427cf9000 rw-p 00000000 00:00 0                          [stack:10764]
7f8427cf9000-7f8427cfa000 ---p 00000000 00:00 0 
7f8427cfa000-7f8427dfa000 rw-p 00000000 00:00 0                          [stack:10763]
7f8427dfa000-7f8427dfb000 ---p 00000000 00:00 0 
7f8427dfb000-7f8427efb000 rw-p 00000000 00:00 0                          [stack:10762]
7f8427efb000-7f8427efc000 ---p 00000000 00:00 0 
7f8427efc000-7f8428007000 rw-p 00000000 00:00 0                          [stack:10761]
7f8428007000-7f842804f000 rw-p 00000000 00:00 0 
7f842804f000-7f8428062000 rw-p 00000000 00:00 0 
7f8428062000-7f842817a000 rw-p 00000000 00:00 0 
7f842817a000-7f8428185000 rw-p 00000000 00:00 0 
7f8428185000-7f84281cd000 rw-p 00000000 00:00 0 
7f84281cd000-7f84281e0000 rw-p 00000000 00:00 0 
7f84281e0000-7f84282f7000 rw-p 00000000 00:00 0 
7f84282f7000-7f8428301000 rw-p 00000000 00:00 0 
7f8428301000-7f842838d000 rw-p 00000000 00:00 0 
7f842838d000-7f842838e000 rw-p 00000000 00:00 0 
7f842838e000-7f84285fe000 rwxp 00000000 00:00 0 
7f84285fe000-7f842b38e000 rw-p 00000000 00:00 0 
7f842b38e000-7f842b396000 r-xp 00000000 08:08 788847                     /usr/lib/jvm/java-7-openjdk-amd64/jre/lib/amd64/libzip.so
7f842b396000-7f842b595000 ---p 00008000 08:08 788847                     /usr/lib/jvm/java-7-openjdk-amd64/jre/lib/amd64/libzip.so
7f842b595000-7f842b596000 r--p 00007000 08:08 788847                     /usr/lib/jvm/java-7-openjdk-amd64/jre/lib/amd64/libzip.so
7f842b596000-7f842b597000 rw-p 00008000 08:08 788847                     /usr/lib/jvm/java-7-openjdk-amd64/jre/lib/amd64/libzip.so
7f842b597000-7f842b5a3000 r-xp 00000000 08:08 537866                     /lib/x86_64-linux-gnu/libnss_files-2.15.so
7f842b5a3000-7f842b7a2000 ---p 0000c000 08:08 537866                     /lib/x86_64-linux-gnu/libnss_files-2.15.so
7f842b7a2000-7f842b7a3000 r--p 0000b000 08:08 537866                     /lib/x86_64-linux-gnu/libnss_files-2.15.so
7f842b7a3000-7f842b7a4000 rw-p 0000c000 08:08 537866                     /lib/x86_64-linux-gnu/libnss_files-2.15.so
7f842b7a4000-7f842b7ae000 r-xp 00000000 08:08 537862                     /lib/x86_64-linux-gnu/libnss_nis-2.15.so
7f842b7ae000-7f842b9ae000 ---p 0000a000 08:08 537862                     /lib/x86_64-linux-gnu/libnss_nis-2.15.so
7f842b9ae000-7f842b9af000 r--p 0000a000 08:08 537862                     /lib/x86_64-linux-gnu/libnss_nis-2.15.so
7f842b9af000-7f842b9b0000 rw-p 0000b000 08:08 537862                     /lib/x86_64-linux-gnu/libnss_nis-2.15.so
7f842b9b0000-7f842b9c7000 r-xp 00000000 08:08 537876                     /lib/x86_64-linux-gnu/libnsl-2.15.so
7f842b9c7000-7f842bbc6000 ---p 00017000 08:08 537876                     /lib/x86_64-linux-gnu/libnsl-2.15.so
7f842bbc6000-7f842bbc7000 r--p 00016000 08:08 537876                     /lib/x86_64-linux-gnu/libnsl-2.15.so
7f842bbc7000-7f842bbc8000 rw-p 00017000 08:08 537876                     /lib/x86_64-linux-gnu/libnsl-2.15.so
7f842bbc8000-7f842bbca000 rw-p 00000000 00:00 0 
7f842bbca000-7f842bbd2000 r-xp 00000000 08:08 537880                     /lib/x86_64-linux-gnu/libnss_compat-2.15.so
7f842bbd2000-7f842bdd1000 ---p 00008000 08:08 537880                     /lib/x86_64-linux-gnu/libnss_compat-2.15.so
7f842bdd1000-7f842bdd2000 r--p 00007000 08:08 537880                     /lib/x86_64-linux-gnu/libnss_compat-2.15.so
7f842bdd2000-7f842bdd3000 rw-p 00008000 08:08 537880                     /lib/x86_64-linux-gnu/libnss_compat-2.15.so
7f842bdd3000-7f842bdfd000 r-xp 00000000 08:08 788825                     /usr/lib/jvm/java-7-openjdk-amd64/jre/lib/amd64/libjava.so
7f842bdfd000-7f842bffd000 ---p 0002a000 08:08 788825                     /usr/lib/jvm/java-7-openjdk-amd64/jre/lib/amd64/libjava.so
7f842bffd000-7f842bffe000 r--p 0002a000 08:08 788825                     /usr/lib/jvm/java-7-openjdk-amd64/jre/lib/amd64/libjava.so
7f842bffe000-7f842c000000 rw-p 0002b000 08:08 788825                     /usr/lib/jvm/java-7-openjdk-amd64/jre/lib/amd64/libjava.so
7f842c000000-7f842c060000 rw-p 00000000 00:00 0 
7f842c060000-7f8430000000 ---p 00000000 00:00 0 
7f843004b000-7f843005a000 r-xp 00000000 08:08 788840                     /usr/lib/jvm/java-7-openjdk-amd64/jre/lib/amd64/libverify.so
7f843005a000-7f8430259000 ---p 0000f000 08:08 788840                     /usr/lib/jvm/java-7-openjdk-amd64/jre/lib/amd64/libverify.so
7f8430259000-7f843025b000 r--p 0000e000 08:08 788840                     /usr/lib/jvm/java-7-openjdk-amd64/jre/lib/amd64/libverify.so
7f843025b000-7f843025c000 rw-p 00010000 08:08 788840                     /usr/lib/jvm/java-7-openjdk-amd64/jre/lib/amd64/libverify.so
7f843025c000-7f8430263000 r-xp 00000000 08:08 537868                     /lib/x86_64-linux-gnu/librt-2.15.so
7f8430263000-7f8430462000 ---p 00007000 08:08 537868                     /lib/x86_64-linux-gnu/librt-2.15.so
7f8430462000-7f8430463000 r--p 00006000 08:08 537868                     /lib/x86_64-linux-gnu/librt-2.15.so
7f8430463000-7f8430464000 rw-p 00007000 08:08 537868                     /lib/x86_64-linux-gnu/librt-2.15.so
7f8430464000-7f8430479000 r-xp 00000000 08:08 536465                     /lib/x86_64-linux-gnu/libgcc_s.so.1
7f8430479000-7f8430678000 ---p 00015000 08:08 536465                     /lib/x86_64-linux-gnu/libgcc_s.so.1
7f8430678000-7f8430679000 r--p 00014000 08:08 536465                     /lib/x86_64-linux-gnu/libgcc_s.so.1
7f8430679000-7f843067a000 rw-p 00015000 08:08 536465                     /lib/x86_64-linux-gnu/libgcc_s.so.1
7f843067a000-7f8430775000 r-xp 00000000 08:08 537877                     /lib/x86_64-linux-gnu/libm-2.15.so
7f8430775000-7f8430974000 ---p 000fb000 08:08 537877                     /lib/x86_64-linux-gnu/libm-2.15.so
7f8430974000-7f8430975000 r--p 000fa000 08:08 537877                     /lib/x86_64-linux-gnu/libm-2.15.so
7f8430975000-7f8430976000 rw-p 000fb000 08:08 537877                     /lib/x86_64-linux-gnu/libm-2.15.so
7f8430976000-7f8430a5b000 r-xp 00000000 08:08 789349                     /usr/lib/x86_64-linux-gnu/libstdc++.so.6.0.17
7f8430a5b000-7f8430c5a000 ---p 000e5000 08:08 789349                     /usr/lib/x86_64-linux-gnu/libstdc++.so.6.0.17
7f8430c5a000-7f8430c62000 r--p 000e4000 08:08 789349                     /usr/lib/x86_64-linux-gnu/libstdc++.so.6.0.17
7f8430c62000-7f8430c64000 rw-p 000ec000 08:08 789349                     /usr/lib/x86_64-linux-gnu/libstdc++.so.6.0.17
7f8430c64000-7f8430c79000 rw-p 00000000 00:00 0 
7f8430c79000-7f8431668000 r-xp 00000000 08:08 788821                     /usr/lib/jvm/java-7-openjdk-amd64/jre/lib/amd64/server/libjvm.so
7f8431668000-7f8431868000 ---p 009ef000 08:08 788821                     /usr/lib/jvm/java-7-openjdk-amd64/jre/lib/amd64/server/libjvm.so
7f8431868000-7f84318e7000 r--p 009ef000 08:08 788821                     /usr/lib/jvm/java-7-openjdk-amd64/jre/lib/amd64/server/libjvm.so
7f84318e7000-7f843190a000 rw-p 00a6e000 08:08 788821                     /usr/lib/jvm/java-7-openjdk-amd64/jre/lib/amd64/server/libjvm.so
7f843190a000-7f8431935000 rw-p 00000000 00:00 0 
7f8431935000-7f843194b000 r-xp 00000000 08:08 528220                     /lib/x86_64-linux-gnu/libz.so.1.2.7
7f843194b000-7f8431b4a000 ---p 00016000 08:08 528220                     /lib/x86_64-linux-gnu/libz.so.1.2.7
7f8431b4a000-7f8431b4b000 r--p 00015000 08:08 528220                     /lib/x86_64-linux-gnu/libz.so.1.2.7
7f8431b4b000-7f8431b4c000 rw-p 00016000 08:08 528220                     /lib/x86_64-linux-gnu/libz.so.1.2.7
7f8431b4c000-7f8431b64000 r-xp 00000000 08:08 537864                     /lib/x86_64-linux-gnu/libpthread-2.15.so
7f8431b64000-7f8431d63000 ---p 00018000 08:08 537864                     /lib/x86_64-linux-gnu/libpthread-2.15.so
7f8431d63000-7f8431d64000 r--p 00017000 08:08 537864                     /lib/x86_64-linux-gnu/libpthread-2.15.so
7f8431d64000-7f8431d65000 rw-p 00018000 08:08 537864                     /lib/x86_64-linux-gnu/libpthread-2.15.so
7f8431d65000-7f8431d69000 rw-p 00000000 00:00 0 
7f8431d69000-7f8431d6b000 r-xp 00000000 08:08 537879                     /lib/x86_64-linux-gnu/libdl-2.15.so
7f8431d6b000-7f8431f6b000 ---p 00002000 08:08 537879                     /lib/x86_64-linux-gnu/libdl-2.15.so
7f8431f6b000-7f8431f6c000 r--p 00002000 08:08 537879                     /lib/x86_64-linux-gnu/libdl-2.15.so
7f8431f6c000-7f8431f6d000 rw-p 00003000 08:08 537879                     /lib/x86_64-linux-gnu/libdl-2.15.so
7f8431f6d000-7f8432122000 r-xp 00000000 08:08 537881                     /lib/x86_64-linux-gnu/libc-2.15.so
7f8432122000-7f8432321000 ---p 001b5000 08:08 537881                     /lib/x86_64-linux-gnu/libc-2.15.so
7f8432321000-7f8432325000 r--p 001b4000 08:08 537881                     /lib/x86_64-linux-gnu/libc-2.15.so
7f8432325000-7f8432327000 rw-p 001b8000 08:08 537881                     /lib/x86_64-linux-gnu/libc-2.15.so
7f8432327000-7f843232c000 rw-p 00000000 00:00 0 
7f8432347000-7f8432354000 r-xp 00000000 08:08 788826                     /usr/lib/jvm/java-7-openjdk-amd64/jre/lib/amd64/jli/libjli.so
7f8432354000-7f8432553000 ---p 0000d000 08:08 788826                     /usr/lib/jvm/java-7-openjdk-amd64/jre/lib/amd64/jli/libjli.so
7f8432553000-7f8432554000 r--p 0000c000 08:08 788826                     /usr/lib/jvm/java-7-openjdk-amd64/jre/lib/amd64/jli/libjli.so
7f8432554000-7f8432555000 rw-p 0000d000 08:08 788826                     /usr/lib/jvm/java-7-openjdk-amd64/jre/lib/amd64/jli/libjli.so
7f8432555000-7f8432577000 r-xp 00000000 08:08 537869                     /lib/x86_64-linux-gnu/ld-2.15.so
7f843257d000-7f84325af000 rw-p 00000000 00:00 0 
7f84325af000-7f8432665000 rw-p 00000000 00:00 0 
7f8432665000-7f843266d000 rw-s 00000000 08:08 948383                     /tmp/hsperfdata_adrian/10754
7f843266d000-7f843266e000 rw-p 00000000 00:00 0 
7f843266e000-7f843266f000 r--p 00000000 00:00 0 
7f843266f000-7f8432672000 ---p 00000000 00:00 0 
7f8432672000-7f8432777000 rw-p 00000000 00:00 0                          [stack:10760]
7f8432777000-7f8432778000 r--p 00022000 08:08 537869                     /lib/x86_64-linux-gnu/ld-2.15.so
7f8432778000-7f843277a000 rw-p 00023000 08:08 537869                     /lib/x86_64-linux-gnu/ld-2.15.so
7fff3201e000-7fff3203f000 rw-p 00000000 00:00 0                          [stack]
7fff3209e000-7fff3209f000 r-xp 00000000 00:00 0                          [vdso]
ffffffffff600000-ffffffffff601000 r-xp 00000000 00:00 0                  [vsyscall]

VM Arguments:
jvm_args: -ea -Dfile.encoding=UTF-8 -Xbootclasspath:/home/adrian/Downloads/adt-bundle-linux-x86_64-20130917/sdk/platforms/android-18/android.jar 
java_command: org.eclipse.jdt.internal.junit.runner.RemoteTestRunner -version 3 -port 51273 -testLoaderClass org.eclipse.jdt.internal.junit4.runner.JUnit4TestLoader -loaderpluginname org.eclipse.jdt.junit4.runtime -testNameFile /tmp/testNames1183195905639887075.txt
Launcher Type: SUN_STANDARD

Environment Variables:
PATH=/usr/lib/lightdm/lightdm:/usr/local/sbin:/usr/local/bin:/usr/sbin:/usr/bin:/sbin:/bin:/usr/games:/usr/local/games
SHELL=/bin/bash
DISPLAY=:0

Signal Handlers:
SIGSEGV: [libjvm.so+0x84ed50], sa_mask[0]=0x7ffbfeff, sa_flags=0x10000004
SIGBUS: [libjvm.so+0x84ed50], sa_mask[0]=0x7ffbfeff, sa_flags=0x10000004
SIGFPE: [libjvm.so+0x6f14c0], sa_mask[0]=0x7ffbfeff, sa_flags=0x10000004
SIGPIPE: [libjvm.so+0x6f14c0], sa_mask[0]=0x7ffbfeff, sa_flags=0x10000004
SIGXFSZ: [libjvm.so+0x6f14c0], sa_mask[0]=0x7ffbfeff, sa_flags=0x10000004
SIGILL: [libjvm.so+0x6f14c0], sa_mask[0]=0x7ffbfeff, sa_flags=0x10000004
SIGUSR1: SIG_DFL, sa_mask[0]=0x00000000, sa_flags=0x00000000
SIGUSR2: [libjvm.so+0x6f1890], sa_mask[0]=0x00000004, sa_flags=0x10000004
SIGHUP: SIG_DFL, sa_mask[0]=0x00000000, sa_flags=0x00000000
SIGINT: SIG_DFL, sa_mask[0]=0x00000000, sa_flags=0x00000000
SIGTERM: SIG_DFL, sa_mask[0]=0x00000000, sa_flags=0x00000000
SIGQUIT: SIG_DFL, sa_mask[0]=0x00000000, sa_flags=0x00000000


---------------  S Y S T E M  ---------------

OS:Ubuntu 12.10 (quantal)
uname:Linux 3.7.8-030708-generic #201302141605 SMP Thu Feb 14 21:06:35 UTC 2013 x86_64
libc:glibc 2.15 NPTL 2.15 
rlimit: STACK 8192k, CORE 0k, NPROC 27998, NOFILE 4096, AS infinity
load average:0.43 0.37 0.34

/proc/meminfo:
MemTotal:        3663544 kB
MemFree:          125928 kB
Buffers:           77788 kB
Cached:          1203040 kB
SwapCached:            0 kB
Active:          2269412 kB
Inactive:         971344 kB
Active(anon):    1862816 kB
Inactive(anon):   594832 kB
Active(file):     406596 kB
Inactive(file):   376512 kB
Unevictable:       33708 kB
Mlocked:           33708 kB
SwapTotal:       3807228 kB
SwapFree:        3807228 kB
Dirty:                76 kB
Writeback:             0 kB
AnonPages:       1993844 kB
Mapped:           236244 kB
Shmem:            489724 kB
Slab:             136476 kB
SReclaimable:      75048 kB
SUnreclaim:        61428 kB
KernelStack:        5160 kB
PageTables:        53116 kB
NFS_Unstable:          0 kB
Bounce:                0 kB
WritebackTmp:          0 kB
CommitLimit:     5639000 kB
Committed_AS:    6984720 kB
VmallocTotal:   34359738367 kB
VmallocUsed:      358680 kB
VmallocChunk:   34359375952 kB
HardwareCorrupted:     0 kB
AnonHugePages:         0 kB
HugePages_Total:       0
HugePages_Free:        0
HugePages_Rsvd:        0
HugePages_Surp:        0
Hugepagesize:       2048 kB
DirectMap4k:       71680 kB
DirectMap2M:     4030464 kB


CPU:total 4 (2 cores per cpu, 2 threads per core) family 6 model 58 stepping 9, cmov, cx8, fxsr, mmx, sse, sse2, sse3, ssse3, sse4.1, sse4.2, popcnt, avx, ht, tsc, tscinvbit, tscinv

/proc/cpuinfo:
processor	: 0
vendor_id	: GenuineIntel
cpu family	: 6
model		: 58
model name	: Intel(R) Core(TM) i7-3517U CPU @ 1.90GHz
stepping	: 9
microcode	: 0x15
cpu MHz		: 1900.000
cache size	: 4096 KB
physical id	: 0
siblings	: 4
core id		: 0
cpu cores	: 2
apicid		: 0
initial apicid	: 0
fpu		: yes
fpu_exception	: yes
cpuid level	: 13
wp		: yes
flags		: fpu vme de pse tsc msr pae mce cx8 apic sep mtrr pge mca cmov pat pse36 clflush dts acpi mmx fxsr sse sse2 ss ht tm pbe syscall nx rdtscp lm constant_tsc arch_perfmon pebs bts rep_good nopl xtopology nonstop_tsc aperfmperf eagerfpu pni pclmulqdq dtes64 monitor ds_cpl vmx est tm2 ssse3 cx16 xtpr pdcm pcid sse4_1 sse4_2 x2apic popcnt tsc_deadline_timer xsave avx f16c rdrand lahf_lm ida arat epb xsaveopt pln pts dtherm tpr_shadow vnmi flexpriority ept vpid fsgsbase smep erms
bogomips	: 4789.23
clflush size	: 64
cache_alignment	: 64
address sizes	: 36 bits physical, 48 bits virtual
power management:

processor	: 1
vendor_id	: GenuineIntel
cpu family	: 6
model		: 58
model name	: Intel(R) Core(TM) i7-3517U CPU @ 1.90GHz
stepping	: 9
microcode	: 0x15
cpu MHz		: 1900.000
cache size	: 4096 KB
physical id	: 0
siblings	: 4
core id		: 0
cpu cores	: 2
apicid		: 1
initial apicid	: 1
fpu		: yes
fpu_exception	: yes
cpuid level	: 13
wp		: yes
flags		: fpu vme de pse tsc msr pae mce cx8 apic sep mtrr pge mca cmov pat pse36 clflush dts acpi mmx fxsr sse sse2 ss ht tm pbe syscall nx rdtscp lm constant_tsc arch_perfmon pebs bts rep_good nopl xtopology nonstop_tsc aperfmperf eagerfpu pni pclmulqdq dtes64 monitor ds_cpl vmx est tm2 ssse3 cx16 xtpr pdcm pcid sse4_1 sse4_2 x2apic popcnt tsc_deadline_timer xsave avx f16c rdrand lahf_lm ida arat epb xsaveopt pln pts dtherm tpr_shadow vnmi flexpriority ept vpid fsgsbase smep erms
bogomips	: 4789.23
clflush size	: 64
cache_alignment	: 64
address sizes	: 36 bits physical, 48 bits virtual
power management:

processor	: 2
vendor_id	: GenuineIntel
cpu family	: 6
model		: 58
model name	: Intel(R) Core(TM) i7-3517U CPU @ 1.90GHz
stepping	: 9
microcode	: 0x15
cpu MHz		: 1900.000
cache size	: 4096 KB
physical id	: 0
siblings	: 4
core id		: 1
cpu cores	: 2
apicid		: 2
initial apicid	: 2
fpu		: yes
fpu_exception	: yes
cpuid level	: 13
wp		: yes
flags		: fpu vme de pse tsc msr pae mce cx8 apic sep mtrr pge mca cmov pat pse36 clflush dts acpi mmx fxsr sse sse2 ss ht tm pbe syscall nx rdtscp lm constant_tsc arch_perfmon pebs bts rep_good nopl xtopology nonstop_tsc aperfmperf eagerfpu pni pclmulqdq dtes64 monitor ds_cpl vmx est tm2 ssse3 cx16 xtpr pdcm pcid sse4_1 sse4_2 x2apic popcnt tsc_deadline_timer xsave avx f16c rdrand lahf_lm ida arat epb xsaveopt pln pts dtherm tpr_shadow vnmi flexpriority ept vpid fsgsbase smep erms
bogomips	: 4789.23
clflush size	: 64
cache_alignment	: 64
address sizes	: 36 bits physical, 48 bits virtual
power management:

processor	: 3
vendor_id	: GenuineIntel
cpu family	: 6
model		: 58
model name	: Intel(R) Core(TM) i7-3517U CPU @ 1.90GHz
stepping	: 9
microcode	: 0x15
cpu MHz		: 1800.000
cache size	: 4096 KB
physical id	: 0
siblings	: 4
core id		: 1
cpu cores	: 2
apicid		: 3
initial apicid	: 3
fpu		: yes
fpu_exception	: yes
cpuid level	: 13
wp		: yes
flags		: fpu vme de pse tsc msr pae mce cx8 apic sep mtrr pge mca cmov pat pse36 clflush dts acpi mmx fxsr sse sse2 ss ht tm pbe syscall nx rdtscp lm constant_tsc arch_perfmon pebs bts rep_good nopl xtopology nonstop_tsc aperfmperf eagerfpu pni pclmulqdq dtes64 monitor ds_cpl vmx est tm2 ssse3 cx16 xtpr pdcm pcid sse4_1 sse4_2 x2apic popcnt tsc_deadline_timer xsave avx f16c rdrand lahf_lm ida arat epb xsaveopt pln pts dtherm tpr_shadow vnmi flexpriority ept vpid fsgsbase smep erms
bogomips	: 4789.23
clflush size	: 64
cache_alignment	: 64
address sizes	: 36 bits physical, 48 bits virtual
power management:



Memory: 4k page, physical 3663544k(125200k free), swap 3807228k(3807228k free)

vm_info: OpenJDK 64-Bit Server VM (23.7-b01) for linux-amd64 JRE (1.7.0_25-b30), built on Jul  3 2013 13:56:52 by "buildd" with gcc 4.7.2

time: Sat Oct 12 21:03:42 2013
elapsed time: 0 seconds

