#
# A fatal error has been detected by the Java Runtime Environment:
#
#  Internal Error (javaClasses.cpp:129), pid=8669, tid=139675265378048
#  fatal error: Invalid layout of preloaded class
#
# JRE version: 7.0_25-b30
# Java VM: OpenJDK 64-Bit Server VM (23.7-b01 mixed mode linux-amd64 compressed oops)
# Failed to write core dump. Core dumps have been disabled. To enable core dumping, try "ulimit -c unlimited" before starting Java again
#
# If you would like to submit a bug report, please include
# instructions on how to reproduce the bug and visit:
#   https://bugs.launchpad.net/ubuntu/+source/openjdk-7/
#

---------------  T H R E A D  ---------------

Current thread (0x00007f08a8009800):  JavaThread "Unknown thread" [_thread_in_vm, id=8671, stack(0x00007f08ae83a000,0x00007f08ae93b000)]

Stack: [0x00007f08ae83a000,0x00007f08ae93b000],  sp=0x00007f08ae9399e0,  free space=1022k
Native frames: (J=compiled Java code, j=interpreted, Vv=VM code, C=native code)
V  [libjvm.so+0x84e26b]  VMError::report_and_die()+0x16b
V  [libjvm.so+0x3ec0a7]  report_fatal(char const*, int, char const*)+0x57
V  [libjvm.so+0x5282ea]  compute_offset(int&, klassOopDesc*, Symbol*, Symbol*, bool) [clone .constprop.123]+0x11a
V  [libjvm.so+0x528556]  java_lang_String::compute_offsets()+0x36
V  [libjvm.so+0x7dbd8d]  SystemDictionary::initialize_preloaded_classes(Thread*)+0x3d
V  [libjvm.so+0x827e38]  Universe::genesis(Thread*)+0x468
V  [libjvm.so+0x8282ef]  universe2_init()+0x1f
V  [libjvm.so+0x4dd23a]  init_globals()+0x9a
V  [libjvm.so+0x80bfbc]  Threads::create_vm(JavaVMInitArgs*, bool*)+0x39c
V  [libjvm.so+0x544cb8]  JNI_CreateJavaVM+0x58
C  [libjli.so+0x2b24]  __strcat_chk+0x2b24


---------------  P R O C E S S  ---------------

Java Threads: ( => current thread )

Other Threads:

=>0x00007f08a8009800 (exited) JavaThread "Unknown thread" [_thread_in_vm, id=8671, stack(0x00007f08ae83a000,0x00007f08ae93b000)]

VM state:not at safepoint (not fully initialized)

VM Mutex/Monitor currently owned by a thread: None

GC Heap History (0 events):
No events

Deoptimization events (0 events):
No events

Internal exceptions (0 events):
No events

Events (10 events):
Event: 0.009 loading class 0x00007f08a802b3d0 done
Event: 0.009 loading class 0x00007f08a802ac70 done
Event: 0.009 loading class 0x00007f08a802ac40
Event: 0.009 loading class 0x00007f08a8055ff0
Event: 0.009 loading class 0x00007f08a8055ff0 done
Event: 0.009 loading class 0x00007f08a8056030
Event: 0.009 loading class 0x00007f08a8056030 done
Event: 0.009 loading class 0x00007f08a8056070
Event: 0.009 loading class 0x00007f08a8056070 done
Event: 0.009 loading class 0x00007f08a802ac40 done


Dynamic libraries:
00400000-00401000 r-xp 00000000 08:08 788865                             /usr/lib/jvm/java-7-openjdk-amd64/jre/bin/java
00600000-00601000 r--p 00000000 08:08 788865                             /usr/lib/jvm/java-7-openjdk-amd64/jre/bin/java
00601000-00602000 rw-p 00001000 08:08 788865                             /usr/lib/jvm/java-7-openjdk-amd64/jre/bin/java
02026000-02047000 rw-p 00000000 00:00 0                                  [heap]
bda00000-beec0000 rw-p 00000000 00:00 0 
beec0000-c8000000 rw-p 00000000 00:00 0 
c8000000-ca550000 rw-p 00000000 00:00 0 
ca550000-ed560000 rw-p 00000000 00:00 0 
ed560000-ee800000 rw-p 00000000 00:00 0 
ee800000-100000000 rw-p 00000000 00:00 0 
7f0884000000-7f0884021000 rw-p 00000000 00:00 0 
7f0884021000-7f0888000000 ---p 00000000 00:00 0 
7f088c000000-7f088c021000 rw-p 00000000 00:00 0 
7f088c021000-7f0890000000 ---p 00000000 00:00 0 
7f0894000000-7f0894021000 rw-p 00000000 00:00 0 
7f0894021000-7f0898000000 ---p 00000000 00:00 0 
7f089c000000-7f089c021000 rw-p 00000000 00:00 0 
7f089c021000-7f08a0000000 ---p 00000000 00:00 0 
7f08a1175000-7f08a13bb000 rw-p 00000000 00:00 0 
7f08a13bb000-7f08a1485000 r--s 011ad000 00:15 2126132                    /home/adrian/Downloads/adt-bundle-linux-x86_64-20130917/sdk/platforms/android-18/android.jar
7f08a1485000-7f08a3e01000 rw-p 00000000 00:00 0 
7f08a3e01000-7f08a3e02000 ---p 00000000 00:00 0 
7f08a3e02000-7f08a3f02000 rw-p 00000000 00:00 0                          [stack:8680]
7f08a3f02000-7f08a3f03000 ---p 00000000 00:00 0 
7f08a3f03000-7f08a4003000 rw-p 00000000 00:00 0                          [stack:8679]
7f08a4003000-7f08a4004000 ---p 00000000 00:00 0 
7f08a4004000-7f08a4104000 rw-p 00000000 00:00 0                          [stack:8678]
7f08a4104000-7f08a4105000 ---p 00000000 00:00 0 
7f08a4105000-7f08a4210000 rw-p 00000000 00:00 0                          [stack:8677]
7f08a4210000-7f08a4258000 rw-p 00000000 00:00 0 
7f08a4258000-7f08a426b000 rw-p 00000000 00:00 0 
7f08a426b000-7f08a4383000 rw-p 00000000 00:00 0 
7f08a4383000-7f08a438e000 rw-p 00000000 00:00 0 
7f08a438e000-7f08a43d6000 rw-p 00000000 00:00 0 
7f08a43d6000-7f08a43e9000 rw-p 00000000 00:00 0 
7f08a43e9000-7f08a4500000 rw-p 00000000 00:00 0 
7f08a4500000-7f08a450a000 rw-p 00000000 00:00 0 
7f08a450a000-7f08a4596000 rw-p 00000000 00:00 0 
7f08a4596000-7f08a4597000 rw-p 00000000 00:00 0 
7f08a4597000-7f08a4807000 rwxp 00000000 00:00 0 
7f08a4807000-7f08a7597000 rw-p 00000000 00:00 0 
7f08a7597000-7f08a759f000 r-xp 00000000 08:08 788847                     /usr/lib/jvm/java-7-openjdk-amd64/jre/lib/amd64/libzip.so
7f08a759f000-7f08a779e000 ---p 00008000 08:08 788847                     /usr/lib/jvm/java-7-openjdk-amd64/jre/lib/amd64/libzip.so
7f08a779e000-7f08a779f000 r--p 00007000 08:08 788847                     /usr/lib/jvm/java-7-openjdk-amd64/jre/lib/amd64/libzip.so
7f08a779f000-7f08a77a0000 rw-p 00008000 08:08 788847                     /usr/lib/jvm/java-7-openjdk-amd64/jre/lib/amd64/libzip.so
7f08a77a0000-7f08a77ac000 r-xp 00000000 08:08 537866                     /lib/x86_64-linux-gnu/libnss_files-2.15.so
7f08a77ac000-7f08a79ab000 ---p 0000c000 08:08 537866                     /lib/x86_64-linux-gnu/libnss_files-2.15.so
7f08a79ab000-7f08a79ac000 r--p 0000b000 08:08 537866                     /lib/x86_64-linux-gnu/libnss_files-2.15.so
7f08a79ac000-7f08a79ad000 rw-p 0000c000 08:08 537866                     /lib/x86_64-linux-gnu/libnss_files-2.15.so
7f08a79ad000-7f08a79b7000 r-xp 00000000 08:08 537862                     /lib/x86_64-linux-gnu/libnss_nis-2.15.so
7f08a79b7000-7f08a7bb7000 ---p 0000a000 08:08 537862                     /lib/x86_64-linux-gnu/libnss_nis-2.15.so
7f08a7bb7000-7f08a7bb8000 r--p 0000a000 08:08 537862                     /lib/x86_64-linux-gnu/libnss_nis-2.15.so
7f08a7bb8000-7f08a7bb9000 rw-p 0000b000 08:08 537862                     /lib/x86_64-linux-gnu/libnss_nis-2.15.so
7f08a7bb9000-7f08a7bd0000 r-xp 00000000 08:08 537876                     /lib/x86_64-linux-gnu/libnsl-2.15.so
7f08a7bd0000-7f08a7dcf000 ---p 00017000 08:08 537876                     /lib/x86_64-linux-gnu/libnsl-2.15.so
7f08a7dcf000-7f08a7dd0000 r--p 00016000 08:08 537876                     /lib/x86_64-linux-gnu/libnsl-2.15.so
7f08a7dd0000-7f08a7dd1000 rw-p 00017000 08:08 537876                     /lib/x86_64-linux-gnu/libnsl-2.15.so
7f08a7dd1000-7f08a7dd3000 rw-p 00000000 00:00 0 
7f08a7dd3000-7f08a7dfd000 r-xp 00000000 08:08 788825                     /usr/lib/jvm/java-7-openjdk-amd64/jre/lib/amd64/libjava.so
7f08a7dfd000-7f08a7ffd000 ---p 0002a000 08:08 788825                     /usr/lib/jvm/java-7-openjdk-amd64/jre/lib/amd64/libjava.so
7f08a7ffd000-7f08a7ffe000 r--p 0002a000 08:08 788825                     /usr/lib/jvm/java-7-openjdk-amd64/jre/lib/amd64/libjava.so
7f08a7ffe000-7f08a8000000 rw-p 0002b000 08:08 788825                     /usr/lib/jvm/java-7-openjdk-amd64/jre/lib/amd64/libjava.so
7f08a8000000-7f08a8060000 rw-p 00000000 00:00 0 
7f08a8060000-7f08ac000000 ---p 00000000 00:00 0 
7f08ac00d000-7f08ac015000 r-xp 00000000 08:08 537880                     /lib/x86_64-linux-gnu/libnss_compat-2.15.so
7f08ac015000-7f08ac214000 ---p 00008000 08:08 537880                     /lib/x86_64-linux-gnu/libnss_compat-2.15.so
7f08ac214000-7f08ac215000 r--p 00007000 08:08 537880                     /lib/x86_64-linux-gnu/libnss_compat-2.15.so
7f08ac215000-7f08ac216000 rw-p 00008000 08:08 537880                     /lib/x86_64-linux-gnu/libnss_compat-2.15.so
7f08ac216000-7f08ac225000 r-xp 00000000 08:08 788840                     /usr/lib/jvm/java-7-openjdk-amd64/jre/lib/amd64/libverify.so
7f08ac225000-7f08ac424000 ---p 0000f000 08:08 788840                     /usr/lib/jvm/java-7-openjdk-amd64/jre/lib/amd64/libverify.so
7f08ac424000-7f08ac426000 r--p 0000e000 08:08 788840                     /usr/lib/jvm/java-7-openjdk-amd64/jre/lib/amd64/libverify.so
7f08ac426000-7f08ac427000 rw-p 00010000 08:08 788840                     /usr/lib/jvm/java-7-openjdk-amd64/jre/lib/amd64/libverify.so
7f08ac427000-7f08ac42e000 r-xp 00000000 08:08 537868                     /lib/x86_64-linux-gnu/librt-2.15.so
7f08ac42e000-7f08ac62d000 ---p 00007000 08:08 537868                     /lib/x86_64-linux-gnu/librt-2.15.so
7f08ac62d000-7f08ac62e000 r--p 00006000 08:08 537868                     /lib/x86_64-linux-gnu/librt-2.15.so
7f08ac62e000-7f08ac62f000 rw-p 00007000 08:08 537868                     /lib/x86_64-linux-gnu/librt-2.15.so
7f08ac62f000-7f08ac644000 r-xp 00000000 08:08 536465                     /lib/x86_64-linux-gnu/libgcc_s.so.1
7f08ac644000-7f08ac843000 ---p 00015000 08:08 536465                     /lib/x86_64-linux-gnu/libgcc_s.so.1
7f08ac843000-7f08ac844000 r--p 00014000 08:08 536465                     /lib/x86_64-linux-gnu/libgcc_s.so.1
7f08ac844000-7f08ac845000 rw-p 00015000 08:08 536465                     /lib/x86_64-linux-gnu/libgcc_s.so.1
7f08ac845000-7f08ac940000 r-xp 00000000 08:08 537877                     /lib/x86_64-linux-gnu/libm-2.15.so
7f08ac940000-7f08acb3f000 ---p 000fb000 08:08 537877                     /lib/x86_64-linux-gnu/libm-2.15.so
7f08acb3f000-7f08acb40000 r--p 000fa000 08:08 537877                     /lib/x86_64-linux-gnu/libm-2.15.so
7f08acb40000-7f08acb41000 rw-p 000fb000 08:08 537877                     /lib/x86_64-linux-gnu/libm-2.15.so
7f08acb41000-7f08acc26000 r-xp 00000000 08:08 789349                     /usr/lib/x86_64-linux-gnu/libstdc++.so.6.0.17
7f08acc26000-7f08ace25000 ---p 000e5000 08:08 789349                     /usr/lib/x86_64-linux-gnu/libstdc++.so.6.0.17
7f08ace25000-7f08ace2d000 r--p 000e4000 08:08 789349                     /usr/lib/x86_64-linux-gnu/libstdc++.so.6.0.17
7f08ace2d000-7f08ace2f000 rw-p 000ec000 08:08 789349                     /usr/lib/x86_64-linux-gnu/libstdc++.so.6.0.17
7f08ace2f000-7f08ace44000 rw-p 00000000 00:00 0 
7f08ace44000-7f08ad833000 r-xp 00000000 08:08 788821                     /usr/lib/jvm/java-7-openjdk-amd64/jre/lib/amd64/server/libjvm.so
7f08ad833000-7f08ada33000 ---p 009ef000 08:08 788821                     /usr/lib/jvm/java-7-openjdk-amd64/jre/lib/amd64/server/libjvm.so
7f08ada33000-7f08adab2000 r--p 009ef000 08:08 788821                     /usr/lib/jvm/java-7-openjdk-amd64/jre/lib/amd64/server/libjvm.so
7f08adab2000-7f08adad5000 rw-p 00a6e000 08:08 788821                     /usr/lib/jvm/java-7-openjdk-amd64/jre/lib/amd64/server/libjvm.so
7f08adad5000-7f08adb00000 rw-p 00000000 00:00 0 
7f08adb00000-7f08adb16000 r-xp 00000000 08:08 528220                     /lib/x86_64-linux-gnu/libz.so.1.2.7
7f08adb16000-7f08add15000 ---p 00016000 08:08 528220                     /lib/x86_64-linux-gnu/libz.so.1.2.7
7f08add15000-7f08add16000 r--p 00015000 08:08 528220                     /lib/x86_64-linux-gnu/libz.so.1.2.7
7f08add16000-7f08add17000 rw-p 00016000 08:08 528220                     /lib/x86_64-linux-gnu/libz.so.1.2.7
7f08add17000-7f08add2f000 r-xp 00000000 08:08 537864                     /lib/x86_64-linux-gnu/libpthread-2.15.so
7f08add2f000-7f08adf2e000 ---p 00018000 08:08 537864                     /lib/x86_64-linux-gnu/libpthread-2.15.so
7f08adf2e000-7f08adf2f000 r--p 00017000 08:08 537864                     /lib/x86_64-linux-gnu/libpthread-2.15.so
7f08adf2f000-7f08adf30000 rw-p 00018000 08:08 537864                     /lib/x86_64-linux-gnu/libpthread-2.15.so
7f08adf30000-7f08adf34000 rw-p 00000000 00:00 0 
7f08adf34000-7f08adf36000 r-xp 00000000 08:08 537879                     /lib/x86_64-linux-gnu/libdl-2.15.so
7f08adf36000-7f08ae136000 ---p 00002000 08:08 537879                     /lib/x86_64-linux-gnu/libdl-2.15.so
7f08ae136000-7f08ae137000 r--p 00002000 08:08 537879                     /lib/x86_64-linux-gnu/libdl-2.15.so
7f08ae137000-7f08ae138000 rw-p 00003000 08:08 537879                     /lib/x86_64-linux-gnu/libdl-2.15.so
7f08ae138000-7f08ae2ed000 r-xp 00000000 08:08 537881                     /lib/x86_64-linux-gnu/libc-2.15.so
7f08ae2ed000-7f08ae4ec000 ---p 001b5000 08:08 537881                     /lib/x86_64-linux-gnu/libc-2.15.so
7f08ae4ec000-7f08ae4f0000 r--p 001b4000 08:08 537881                     /lib/x86_64-linux-gnu/libc-2.15.so
7f08ae4f0000-7f08ae4f2000 rw-p 001b8000 08:08 537881                     /lib/x86_64-linux-gnu/libc-2.15.so
7f08ae4f2000-7f08ae4f7000 rw-p 00000000 00:00 0 
7f08ae512000-7f08ae51f000 r-xp 00000000 08:08 788826                     /usr/lib/jvm/java-7-openjdk-amd64/jre/lib/amd64/jli/libjli.so
7f08ae51f000-7f08ae71e000 ---p 0000d000 08:08 788826                     /usr/lib/jvm/java-7-openjdk-amd64/jre/lib/amd64/jli/libjli.so
7f08ae71e000-7f08ae71f000 r--p 0000c000 08:08 788826                     /usr/lib/jvm/java-7-openjdk-amd64/jre/lib/amd64/jli/libjli.so
7f08ae71f000-7f08ae720000 rw-p 0000d000 08:08 788826                     /usr/lib/jvm/java-7-openjdk-amd64/jre/lib/amd64/jli/libjli.so
7f08ae720000-7f08ae742000 r-xp 00000000 08:08 537869                     /lib/x86_64-linux-gnu/ld-2.15.so
7f08ae748000-7f08ae77a000 rw-p 00000000 00:00 0 
7f08ae77a000-7f08ae830000 rw-p 00000000 00:00 0 
7f08ae830000-7f08ae838000 rw-s 00000000 08:08 948382                     /tmp/hsperfdata_adrian/8669
7f08ae838000-7f08ae839000 rw-p 00000000 00:00 0 
7f08ae839000-7f08ae83a000 r--p 00000000 00:00 0 
7f08ae83a000-7f08ae83d000 ---p 00000000 00:00 0 
7f08ae83d000-7f08ae942000 rw-p 00000000 00:00 0                          [stack:8671]
7f08ae942000-7f08ae943000 r--p 00022000 08:08 537869                     /lib/x86_64-linux-gnu/ld-2.15.so
7f08ae943000-7f08ae945000 rw-p 00023000 08:08 537869                     /lib/x86_64-linux-gnu/ld-2.15.so
7fffc93c8000-7fffc93e9000 rw-p 00000000 00:00 0                          [stack]
7fffc93ff000-7fffc9400000 r-xp 00000000 00:00 0                          [vdso]
ffffffffff600000-ffffffffff601000 r-xp 00000000 00:00 0                  [vsyscall]

VM Arguments:
jvm_args: -Dfile.encoding=UTF-8 -Xbootclasspath:/home/adrian/Downloads/adt-bundle-linux-x86_64-20130917/sdk/platforms/android-18/android.jar 
java_command: org.eclipse.jdt.internal.junit.runner.RemoteTestRunner -version 3 -port 48233 -testLoaderClass org.eclipse.jdt.internal.junit4.runner.JUnit4TestLoader -loaderpluginname org.eclipse.jdt.junit4.runtime -classNames testing.BoardTest
Launcher Type: SUN_STANDARD

Environment Variables:
PATH=/usr/lib/lightdm/lightdm:/usr/local/sbin:/usr/local/bin:/usr/sbin:/usr/bin:/sbin:/bin:/usr/games:/usr/local/games
SHELL=/bin/bash
DISPLAY=:0

Signal Handlers:
SIGSEGV: [libjvm.so+0x84ed50], sa_mask[0]=0x7ffbfeff, sa_flags=0x10000004
SIGBUS: [libjvm.so+0x84ed50], sa_mask[0]=0x7ffbfeff, sa_flags=0x10000004
SIGFPE: [libjvm.so+0x6f14c0], sa_mask[0]=0x7ffbfeff, sa_flags=0x10000004
SIGPIPE: [libjvm.so+0x6f14c0], sa_mask[0]=0x7ffbfeff, sa_flags=0x10000004
SIGXFSZ: [libjvm.so+0x6f14c0], sa_mask[0]=0x7ffbfeff, sa_flags=0x10000004
SIGILL: [libjvm.so+0x6f14c0], sa_mask[0]=0x7ffbfeff, sa_flags=0x10000004
SIGUSR1: SIG_DFL, sa_mask[0]=0x00000000, sa_flags=0x00000000
SIGUSR2: [libjvm.so+0x6f1890], sa_mask[0]=0x00000004, sa_flags=0x10000004
SIGHUP: SIG_DFL, sa_mask[0]=0x00000000, sa_flags=0x00000000
SIGINT: SIG_DFL, sa_mask[0]=0x00000000, sa_flags=0x00000000
SIGTERM: SIG_DFL, sa_mask[0]=0x00000000, sa_flags=0x00000000
SIGQUIT: SIG_DFL, sa_mask[0]=0x00000000, sa_flags=0x00000000


---------------  S Y S T E M  ---------------

OS:Ubuntu 12.10 (quantal)
uname:Linux 3.7.8-030708-generic #201302141605 SMP Thu Feb 14 21:06:35 UTC 2013 x86_64
libc:glibc 2.15 NPTL 2.15 
rlimit: STACK 8192k, CORE 0k, NPROC 27998, NOFILE 4096, AS infinity
load average:0.31 0.34 0.32

/proc/meminfo:
MemTotal:        3663544 kB
MemFree:          216088 kB
Buffers:           75872 kB
Cached:          1203504 kB
SwapCached:            0 kB
Active:          2207096 kB
Inactive:         946056 kB
Active(anon):    1782412 kB
Inactive(anon):   556584 kB
Active(file):     424684 kB
Inactive(file):   389472 kB
Unevictable:       33708 kB
Mlocked:           33708 kB
SwapTotal:       3807228 kB
SwapFree:        3807228 kB
Dirty:               100 kB
Writeback:             0 kB
AnonPages:       1907772 kB
Mapped:           228944 kB
Shmem:            457048 kB
Slab:             136388 kB
SReclaimable:      75988 kB
SUnreclaim:        60400 kB
KernelStack:        5112 kB
PageTables:        52028 kB
NFS_Unstable:          0 kB
Bounce:                0 kB
WritebackTmp:          0 kB
CommitLimit:     5639000 kB
Committed_AS:    6806676 kB
VmallocTotal:   34359738367 kB
VmallocUsed:      358680 kB
VmallocChunk:   34359375952 kB
HardwareCorrupted:     0 kB
AnonHugePages:         0 kB
HugePages_Total:       0
HugePages_Free:        0
HugePages_Rsvd:        0
HugePages_Surp:        0
Hugepagesize:       2048 kB
DirectMap4k:       71680 kB
DirectMap2M:     4030464 kB


CPU:total 4 (2 cores per cpu, 2 threads per core) family 6 model 58 stepping 9, cmov, cx8, fxsr, mmx, sse, sse2, sse3, ssse3, sse4.1, sse4.2, popcnt, avx, ht, tsc, tscinvbit, tscinv

/proc/cpuinfo:
processor	: 0
vendor_id	: GenuineIntel
cpu family	: 6
model		: 58
model name	: Intel(R) Core(TM) i7-3517U CPU @ 1.90GHz
stepping	: 9
microcode	: 0x15
cpu MHz		: 1900.000
cache size	: 4096 KB
physical id	: 0
siblings	: 4
core id		: 0
cpu cores	: 2
apicid		: 0
initial apicid	: 0
fpu		: yes
fpu_exception	: yes
cpuid level	: 13
wp		: yes
flags		: fpu vme de pse tsc msr pae mce cx8 apic sep mtrr pge mca cmov pat pse36 clflush dts acpi mmx fxsr sse sse2 ss ht tm pbe syscall nx rdtscp lm constant_tsc arch_perfmon pebs bts rep_good nopl xtopology nonstop_tsc aperfmperf eagerfpu pni pclmulqdq dtes64 monitor ds_cpl vmx est tm2 ssse3 cx16 xtpr pdcm pcid sse4_1 sse4_2 x2apic popcnt tsc_deadline_timer xsave avx f16c rdrand lahf_lm ida arat epb xsaveopt pln pts dtherm tpr_shadow vnmi flexpriority ept vpid fsgsbase smep erms
bogomips	: 4789.23
clflush size	: 64
cache_alignment	: 64
address sizes	: 36 bits physical, 48 bits virtual
power management:

processor	: 1
vendor_id	: GenuineIntel
cpu family	: 6
model		: 58
model name	: Intel(R) Core(TM) i7-3517U CPU @ 1.90GHz
stepping	: 9
microcode	: 0x15
cpu MHz		: 1900.000
cache size	: 4096 KB
physical id	: 0
siblings	: 4
core id		: 0
cpu cores	: 2
apicid		: 1
initial apicid	: 1
fpu		: yes
fpu_exception	: yes
cpuid level	: 13
wp		: yes
flags		: fpu vme de pse tsc msr pae mce cx8 apic sep mtrr pge mca cmov pat pse36 clflush dts acpi mmx fxsr sse sse2 ss ht tm pbe syscall nx rdtscp lm constant_tsc arch_perfmon pebs bts rep_good nopl xtopology nonstop_tsc aperfmperf eagerfpu pni pclmulqdq dtes64 monitor ds_cpl vmx est tm2 ssse3 cx16 xtpr pdcm pcid sse4_1 sse4_2 x2apic popcnt tsc_deadline_timer xsave avx f16c rdrand lahf_lm ida arat epb xsaveopt pln pts dtherm tpr_shadow vnmi flexpriority ept vpid fsgsbase smep erms
bogomips	: 4789.23
clflush size	: 64
cache_alignment	: 64
address sizes	: 36 bits physical, 48 bits virtual
power management:

processor	: 2
vendor_id	: GenuineIntel
cpu family	: 6
model		: 58
model name	: Intel(R) Core(TM) i7-3517U CPU @ 1.90GHz
stepping	: 9
microcode	: 0x15
cpu MHz		: 1900.000
cache size	: 4096 KB
physical id	: 0
siblings	: 4
core id		: 1
cpu cores	: 2
apicid		: 2
initial apicid	: 2
fpu		: yes
fpu_exception	: yes
cpuid level	: 13
wp		: yes
flags		: fpu vme de pse tsc msr pae mce cx8 apic sep mtrr pge mca cmov pat pse36 clflush dts acpi mmx fxsr sse sse2 ss ht tm pbe syscall nx rdtscp lm constant_tsc arch_perfmon pebs bts rep_good nopl xtopology nonstop_tsc aperfmperf eagerfpu pni pclmulqdq dtes64 monitor ds_cpl vmx est tm2 ssse3 cx16 xtpr pdcm pcid sse4_1 sse4_2 x2apic popcnt tsc_deadline_timer xsave avx f16c rdrand lahf_lm ida arat epb xsaveopt pln pts dtherm tpr_shadow vnmi flexpriority ept vpid fsgsbase smep erms
bogomips	: 4789.23
clflush size	: 64
cache_alignment	: 64
address sizes	: 36 bits physical, 48 bits virtual
power management:

processor	: 3
vendor_id	: GenuineIntel
cpu family	: 6
model		: 58
model name	: Intel(R) Core(TM) i7-3517U CPU @ 1.90GHz
stepping	: 9
microcode	: 0x15
cpu MHz		: 800.000
cache size	: 4096 KB
physical id	: 0
siblings	: 4
core id		: 1
cpu cores	: 2
apicid		: 3
initial apicid	: 3
fpu		: yes
fpu_exception	: yes
cpuid level	: 13
wp		: yes
flags		: fpu vme de pse tsc msr pae mce cx8 apic sep mtrr pge mca cmov pat pse36 clflush dts acpi mmx fxsr sse sse2 ss ht tm pbe syscall nx rdtscp lm constant_tsc arch_perfmon pebs bts rep_good nopl xtopology nonstop_tsc aperfmperf eagerfpu pni pclmulqdq dtes64 monitor ds_cpl vmx est tm2 ssse3 cx16 xtpr pdcm pcid sse4_1 sse4_2 x2apic popcnt tsc_deadline_timer xsave avx f16c rdrand lahf_lm ida arat epb xsaveopt pln pts dtherm tpr_shadow vnmi flexpriority ept vpid fsgsbase smep erms
bogomips	: 4789.23
clflush size	: 64
cache_alignment	: 64
address sizes	: 36 bits physical, 48 bits virtual
power management:



Memory: 4k page, physical 3663544k(216088k free), swap 3807228k(3807228k free)

vm_info: OpenJDK 64-Bit Server VM (23.7-b01) for linux-amd64 JRE (1.7.0_25-b30), built on Jul  3 2013 13:56:52 by "buildd" with gcc 4.7.2

time: Sat Oct 12 20:22:57 2013
elapsed time: 0 seconds

